#
# There is insufficient memory for the Java Runtime Environment to continue.
# Native memory allocation (malloc) failed to allocate 1777936 bytes. Error detail: Chunk::new
# Possible reasons:
#   The system is out of physical RAM or swap space
#   This process is running with CompressedOops enabled, and the Java Heap may be blocking the growth of the native heap
# Possible solutions:
#   Reduce memory load on the system
#   Increase physical memory or swap space
#   Check if swap backing store is full
#   Decrease Java heap size (-Xmx/-Xms)
#   Decrease number of Java threads
#   Decrease Java thread stack sizes (-Xss)
#   Set larger code cache with -XX:ReservedCodeCacheSize=
#   JVM is running with Unscaled Compressed Oops mode in which the Java heap is
#     placed in the first 4GB address space. The Java Heap base address is the
#     maximum limit for the native heap growth. Please use -XX:HeapBaseMinAddress
#     to set the Java Heap base and to place the Java Heap above 4GB virtual address.
# This output file may be truncated or incomplete.
#
#  Out of Memory Error (arena.cpp:168), pid=29168, tid=24736
#
# JRE version: OpenJDK Runtime Environment Temurin-21.0.7+6 (21.0.7+6) (build 21.0.7+6-LTS)
# Java VM: OpenJDK 64-Bit Server VM Temurin-21.0.7+6 (21.0.7+6-LTS, mixed mode, sharing, tiered, compressed oops, compressed class ptrs, parallel gc, windows-amd64)
# No core dump will be written. Minidumps are not enabled by default on client versions of Windows
#

---------------  S U M M A R Y ------------

Command Line: --add-modules=ALL-SYSTEM --add-opens=java.base/java.util=ALL-UNNAMED --add-opens=java.base/java.lang=ALL-UNNAMED --add-opens=java.base/sun.nio.fs=ALL-UNNAMED -Declipse.application=org.eclipse.jdt.ls.core.id1 -Dosgi.bundles.defaultStartLevel=4 -Declipse.product=org.eclipse.jdt.ls.core.product -Djava.import.generatesMetadataFilesAtProjectRoot=false -DDetectVMInstallationsJob.disabled=true -Dfile.encoding=utf8 -XX:+UseParallelGC -XX:GCTimeRatio=4 -XX:AdaptiveSizePolicyWeight=90 -Dsun.zip.disableMemoryMapping=true -Xmx2G -Xms100m -Xlog:disable -javaagent:c:\Users\228173\.vscode\extensions\redhat.java-1.43.1-win32-x64\lombok\lombok-1.18.39-4050.jar -XX:+HeapDumpOnOutOfMemoryError -XX:HeapDumpPath=c:\Users\228173\AppData\Roaming\Code\User\workspaceStorage\2df54e82ccfad8c953f7bb579ed050a6\redhat.java -Daether.dependencyCollector.impl=bf c:\Users\228173\.vscode\extensions\redhat.java-1.43.1-win32-x64\server\plugins\org.eclipse.equinox.launcher_1.7.0.v20250519-0528.jar -configuration c:\Users\228173\AppData\Roaming\Code\User\globalStorage\redhat.java\1.43.1\config_win -data c:\Users\228173\AppData\Roaming\Code\User\workspaceStorage\2df54e82ccfad8c953f7bb579ed050a6\redhat.java\jdt_ws --pipe=\\.\pipe\lsp-c9f941a237c0761bb697bfeb1ae1cba5-sock

Host: 11th Gen Intel(R) Core(TM) i7-1185G7 @ 3.00GHz, 8 cores, 15G,  Windows 11 , 64 bit Build 22621 (10.0.22621.5124)
Time: Tue Jul  8 10:14:58 2025 Central Standard Time (Mexico) elapsed time: 780.787206 seconds (0d 0h 13m 0s)

---------------  T H R E A D  ---------------

Current thread (0x000001f8c4c040e0):  JavaThread "C2 CompilerThread1" daemon [_thread_in_native, id=24736, stack(0x000000bb65e00000,0x000000bb65f00000) (1024K)]


Current CompileTask:
C2:780787 17175   !   4       org.eclipse.jdt.internal.compiler.lookup.BinaryTypeBinding::cachePartsFrom2 (1933 bytes)

Stack: [0x000000bb65e00000,0x000000bb65f00000]
Native frames: (J=compiled Java code, j=interpreted, Vv=VM code, C=native code)
V  [jvm.dll+0x6ce119]
V  [jvm.dll+0x8a84a1]
V  [jvm.dll+0x8aa9ce]
V  [jvm.dll+0x8ab0b3]
V  [jvm.dll+0x27f8a6]
V  [jvm.dll+0xc507d]
V  [jvm.dll+0xc55b3]
V  [jvm.dll+0x3b68f2]
V  [jvm.dll+0x382aa5]
V  [jvm.dll+0x381f0a]
V  [jvm.dll+0x247af0]
V  [jvm.dll+0x2470cf]
V  [jvm.dll+0x1c760e]
V  [jvm.dll+0x25695a]
V  [jvm.dll+0x254efa]
V  [jvm.dll+0x3f03f6]
V  [jvm.dll+0x851f6b]
V  [jvm.dll+0x6cc7dd]
C  [ucrtbase.dll+0x29333]
C  [KERNEL32.DLL+0x1259d]
C  [ntdll.dll+0x5af38]


---------------  P R O C E S S  ---------------

Threads class SMR info:
_java_thread_list=0x000001f8ff272d60, length=45, elements={
0x000001f8df968650, 0x000001f8f8dad5a0, 0x000001f8f8dae1a0, 0x000001f8fa637d60,
0x000001f8fa639f70, 0x000001f8fa63a9c0, 0x000001f8fa63b410, 0x000001f8fa63c240,
0x000001f8fa6abc20, 0x000001f8fa740de0, 0x000001f8fa97a240, 0x000001f8ff645300,
0x000001f8c11018e0, 0x000001f8c10c4670, 0x000001f8c10c6330, 0x000001f8c12ec330,
0x000001f8c12eb610, 0x000001f8c12e9bd0, 0x000001f8c12ea260, 0x000001f8c12e9540,
0x000001f8c3b19c60, 0x000001f8c3b1f1b0, 0x000001f8c3b1e490, 0x000001f8c3b1ca50,
0x000001f8c3b1d0e0, 0x000001f8c3b1fed0, 0x000001f8c3b1a2f0, 0x000001f8c3b1d770,
0x000001f8c3b1de00, 0x000001f8c3b1eb20, 0x000001f8c3b1bd30, 0x000001f8c3b1f840,
0x000001f8c3b195d0, 0x000001f8c28f8fc0, 0x000001f8c28fd160, 0x000001f8c28fde80,
0x000001f8c28f82a0, 0x000001f8c28f6ef0, 0x000001f8c28faa00, 0x000001f8c28f8930,
0x000001f8c28f9650, 0x000001f8c28fbdb0, 0x000001f8c28fe510, 0x000001f8c28fcad0,
0x000001f8c4c040e0
}

Java Threads: ( => current thread )
  0x000001f8df968650 JavaThread "main"                              [_thread_blocked, id=22500, stack(0x000000bb64000000,0x000000bb64100000) (1024K)]
  0x000001f8f8dad5a0 JavaThread "Reference Handler"          daemon [_thread_blocked, id=18164, stack(0x000000bb64400000,0x000000bb64500000) (1024K)]
  0x000001f8f8dae1a0 JavaThread "Finalizer"                  daemon [_thread_blocked, id=28088, stack(0x000000bb64500000,0x000000bb64600000) (1024K)]
  0x000001f8fa637d60 JavaThread "Signal Dispatcher"          daemon [_thread_blocked, id=18200, stack(0x000000bb64600000,0x000000bb64700000) (1024K)]
  0x000001f8fa639f70 JavaThread "Attach Listener"            daemon [_thread_blocked, id=20032, stack(0x000000bb64700000,0x000000bb64800000) (1024K)]
  0x000001f8fa63a9c0 JavaThread "Service Thread"             daemon [_thread_blocked, id=15012, stack(0x000000bb64800000,0x000000bb64900000) (1024K)]
  0x000001f8fa63b410 JavaThread "Monitor Deflation Thread"   daemon [_thread_blocked, id=22288, stack(0x000000bb64900000,0x000000bb64a00000) (1024K)]
  0x000001f8fa63c240 JavaThread "C2 CompilerThread0"         daemon [_thread_blocked, id=15084, stack(0x000000bb64a00000,0x000000bb64b00000) (1024K)]
  0x000001f8fa6abc20 JavaThread "C1 CompilerThread0"         daemon [_thread_blocked, id=3520, stack(0x000000bb64b00000,0x000000bb64c00000) (1024K)]
  0x000001f8fa740de0 JavaThread "Common-Cleaner"             daemon [_thread_blocked, id=26816, stack(0x000000bb64c00000,0x000000bb64d00000) (1024K)]
  0x000001f8fa97a240 JavaThread "Notification Thread"        daemon [_thread_blocked, id=432, stack(0x000000bb64d00000,0x000000bb64e00000) (1024K)]
  0x000001f8ff645300 JavaThread "Active Thread: Equinox Container: 911eb437-a0b0-4178-af48-14c2c8505049"        [_thread_blocked, id=21868, stack(0x000000bb65600000,0x000000bb65700000) (1024K)]
  0x000001f8c11018e0 JavaThread "Refresh Thread: Equinox Container: 911eb437-a0b0-4178-af48-14c2c8505049" daemon [_thread_blocked, id=22948, stack(0x000000bb65800000,0x000000bb65900000) (1024K)]
  0x000001f8c10c4670 JavaThread "Framework Event Dispatcher: Equinox Container: 911eb437-a0b0-4178-af48-14c2c8505049" daemon [_thread_blocked, id=22012, stack(0x000000bb65900000,0x000000bb65a00000) (1024K)]
  0x000001f8c10c6330 JavaThread "Start Level: Equinox Container: 911eb437-a0b0-4178-af48-14c2c8505049" daemon [_thread_blocked, id=24676, stack(0x000000bb65a00000,0x000000bb65b00000) (1024K)]
  0x000001f8c12ec330 JavaThread "Bundle File Closer"         daemon [_thread_blocked, id=29200, stack(0x000000bb64f00000,0x000000bb65000000) (1024K)]
  0x000001f8c12eb610 JavaThread "SCR Component Actor"        daemon [_thread_blocked, id=27380, stack(0x000000bb64e00000,0x000000bb64f00000) (1024K)]
  0x000001f8c12e9bd0 JavaThread "Worker-JM"                         [_thread_blocked, id=26728, stack(0x000000bb65d00000,0x000000bb65e00000) (1024K)]
  0x000001f8c12ea260 JavaThread "JNA Cleaner"                daemon [_thread_blocked, id=7468, stack(0x000000bb65f00000,0x000000bb66000000) (1024K)]
  0x000001f8c12e9540 JavaThread "Java indexing"              daemon [_thread_blocked, id=23844, stack(0x000000bb66200000,0x000000bb66300000) (1024K)]
  0x000001f8c3b19c60 JavaThread "Worker-4"                          [_thread_blocked, id=22432, stack(0x000000bb66700000,0x000000bb66800000) (1024K)]
  0x000001f8c3b1f1b0 JavaThread "Thread-2"                   daemon [_thread_in_native, id=13880, stack(0x000000bb66800000,0x000000bb66900000) (1024K)]
  0x000001f8c3b1e490 JavaThread "Thread-3"                   daemon [_thread_in_native, id=29300, stack(0x000000bb66900000,0x000000bb66a00000) (1024K)]
  0x000001f8c3b1ca50 JavaThread "Thread-4"                   daemon [_thread_in_native, id=23348, stack(0x000000bb66a00000,0x000000bb66b00000) (1024K)]
  0x000001f8c3b1d0e0 JavaThread "Thread-5"                   daemon [_thread_in_native, id=15020, stack(0x000000bb66b00000,0x000000bb66c00000) (1024K)]
  0x000001f8c3b1fed0 JavaThread "Thread-6"                   daemon [_thread_in_native, id=19240, stack(0x000000bb66c00000,0x000000bb66d00000) (1024K)]
  0x000001f8c3b1a2f0 JavaThread "Thread-7"                   daemon [_thread_in_native, id=12436, stack(0x000000bb66d00000,0x000000bb66e00000) (1024K)]
  0x000001f8c3b1d770 JavaThread "Thread-8"                   daemon [_thread_in_native, id=27208, stack(0x000000bb66e00000,0x000000bb66f00000) (1024K)]
  0x000001f8c3b1de00 JavaThread "Thread-9"                   daemon [_thread_in_native, id=4768, stack(0x000000bb66f00000,0x000000bb67000000) (1024K)]
  0x000001f8c3b1eb20 JavaThread "Thread-10"                  daemon [_thread_in_native, id=25792, stack(0x000000bb67000000,0x000000bb67100000) (1024K)]
  0x000001f8c3b1bd30 JavaThread "pool-2-thread-1"                   [_thread_blocked, id=3048, stack(0x000000bb67100000,0x000000bb67200000) (1024K)]
  0x000001f8c3b1f840 JavaThread "WorkspaceEventsHandler"            [_thread_blocked, id=12888, stack(0x000000bb67200000,0x000000bb67300000) (1024K)]
  0x000001f8c3b195d0 JavaThread "pool-1-thread-1"                   [_thread_blocked, id=25304, stack(0x000000bb67300000,0x000000bb67400000) (1024K)]
  0x000001f8c28f8fc0 JavaThread "Cleaner-0"                  daemon [_thread_blocked, id=29572, stack(0x000000bb69200000,0x000000bb69300000) (1024K)]
  0x000001f8c28fd160 JavaThread "Java Debug Server"          daemon [_thread_in_native, id=25996, stack(0x000000bb68a00000,0x000000bb68b00000) (1024K)]
  0x000001f8c28fde80 JavaThread "pool-5-thread-1"                   [_thread_in_native, id=29588, stack(0x000000bb69100000,0x000000bb69200000) (1024K)]
  0x000001f8c28f82a0 JavaThread "RxSchedulerPurge-1"         daemon [_thread_blocked, id=15716, stack(0x000000bb69300000,0x000000bb69400000) (1024K)]
  0x000001f8c28f6ef0 JavaThread "RxCachedWorkerPoolEvictor-1" daemon [_thread_blocked, id=19620, stack(0x000000bb69400000,0x000000bb69500000) (1024K)]
  0x000001f8c28faa00 JavaThread "RxNewThreadScheduler-1"     daemon [_thread_blocked, id=20420, stack(0x000000bb69500000,0x000000bb69600000) (1024K)]
  0x000001f8c28f8930 JavaThread "process reaper (pid 2460)"  daemon [_thread_in_native, id=17372, stack(0x000000bb63b70000,0x000000bb63b90000) (128K)]
  0x000001f8c28f9650 JavaThread "Worker-8"                          [_thread_blocked, id=11604, stack(0x000000bb63f00000,0x000000bb64000000) (1024K)]
  0x000001f8c28fbdb0 JavaThread "ForkJoinPool.commonPool-worker-10" daemon [_thread_blocked, id=24216, stack(0x000000bb63e00000,0x000000bb63f00000) (1024K)]
  0x000001f8c28fe510 JavaThread "ForkJoinPool.commonPool-worker-11" daemon [_thread_blocked, id=11380, stack(0x000000bb65b00000,0x000000bb65c00000) (1024K)]
  0x000001f8c28fcad0 JavaThread "ForkJoinPool.commonPool-worker-12" daemon [_thread_blocked, id=18792, stack(0x000000bb65c00000,0x000000bb65d00000) (1024K)]
=>0x000001f8c4c040e0 JavaThread "C2 CompilerThread1"         daemon [_thread_in_native, id=24736, stack(0x000000bb65e00000,0x000000bb65f00000) (1024K)]
Total: 45

Other Threads:
  0x000001f8f8d96b70 VMThread "VM Thread"                           [id=25508, stack(0x000000bb64300000,0x000000bb64400000) (1024K)]
  0x000001f8e23c2640 WatcherThread "VM Periodic Task Thread"        [id=28516, stack(0x000000bb64200000,0x000000bb64300000) (1024K)]
  0x000001f8e2371470 WorkerThread "GC Thread#0"                     [id=16516, stack(0x000000bb64100000,0x000000bb64200000) (1024K)]
  0x000001f8ff432ed0 WorkerThread "GC Thread#1"                     [id=17776, stack(0x000000bb65000000,0x000000bb65100000) (1024K)]
  0x000001f8ff433270 WorkerThread "GC Thread#2"                     [id=25948, stack(0x000000bb65100000,0x000000bb65200000) (1024K)]
  0x000001f8ff077b10 WorkerThread "GC Thread#3"                     [id=7444, stack(0x000000bb65200000,0x000000bb65300000) (1024K)]
  0x000001f8ff077eb0 WorkerThread "GC Thread#4"                     [id=18012, stack(0x000000bb65300000,0x000000bb65400000) (1024K)]
  0x000001f8ff078250 WorkerThread "GC Thread#5"                     [id=12732, stack(0x000000bb65400000,0x000000bb65500000) (1024K)]
  0x000001f8ff0785f0 WorkerThread "GC Thread#6"                     [id=11292, stack(0x000000bb65500000,0x000000bb65600000) (1024K)]
  0x000001f8c1101030 WorkerThread "GC Thread#7"                     [id=28120, stack(0x000000bb65700000,0x000000bb65800000) (1024K)]
Total: 10

Threads with active compile tasks:
C2 CompilerThread1  780874 17175   !   4       org.eclipse.jdt.internal.compiler.lookup.BinaryTypeBinding::cachePartsFrom2 (1933 bytes)
Total: 1

VM state: not at safepoint (normal execution)

VM Mutex/Monitor currently owned by a thread: None

Heap address: 0x0000000080000000, size: 2048 MB, Compressed Oops mode: 32-bit

CDS archive(s) mapped at: [0x000001f880000000-0x000001f880ba0000-0x000001f880ba0000), size 12189696, SharedBaseAddress: 0x000001f880000000, ArchiveRelocationMode: 1.
Compressed class space mapped at: 0x000001f881000000-0x000001f8c1000000, reserved size: 1073741824
Narrow klass base: 0x000001f880000000, Narrow klass shift: 0, Narrow klass range: 0x100000000

GC Precious Log:
 CardTable entry size: 512
 CPUs: 8 total, 8 available
 Memory: 15761M
 Large Page Support: Disabled
 NUMA Support: Disabled
 Compressed Oops: Enabled (32-bit)
 Alignments: Space 512K, Generation 512K, Heap 2M
 Heap Min Capacity: 100M
 Heap Initial Capacity: 100M
 Heap Max Capacity: 2G
 Pre-touch: Disabled
 Parallel Workers: 8

Heap:
 PSYoungGen      total 4608K, used 2892K [0x00000000d5580000, 0x00000000d5b00000, 0x0000000100000000)
  eden space 3584K, 64% used [0x00000000d5580000,0x00000000d57c3290,0x00000000d5900000)
  from space 1024K, 56% used [0x00000000d5900000,0x00000000d5990000,0x00000000d5a00000)
  to   space 1024K, 0% used [0x00000000d5a00000,0x00000000d5a00000,0x00000000d5b00000)
 ParOldGen       total 285696K, used 285563K [0x0000000080000000, 0x0000000091700000, 0x00000000d5580000)
  object space 285696K, 99% used [0x0000000080000000,0x00000000916def88,0x0000000091700000)
 Metaspace       used 76916K, committed 78592K, reserved 1179648K
  class space    used 7700K, committed 8448K, reserved 1048576K

Card table byte_map: [0x000001f8e1ce0000,0x000001f8e20f0000] _byte_map_base: 0x000001f8e18e0000

Marking Bits: (ParMarkBitMap*) 0x00007fffa2f131f0
 Begin Bits: [0x000001f8f47b0000, 0x000001f8f67b0000)
 End Bits:   [0x000001f8f67b0000, 0x000001f8f87b0000)

Polling page: 0x000001f8e1ad0000

Metaspace:

Usage:
  Non-class:     67.59 MB used.
      Class:      7.52 MB used.
       Both:     75.11 MB used.

Virtual space:
  Non-class space:      128.00 MB reserved,      68.50 MB ( 54%) committed,  2 nodes.
      Class space:        1.00 GB reserved,       8.25 MB ( <1%) committed,  1 nodes.
             Both:        1.12 GB reserved,      76.75 MB (  7%) committed. 

Chunk freelists:
   Non-Class:  11.19 MB
       Class:  7.74 MB
        Both:  18.93 MB

MaxMetaspaceSize: unlimited
CompressedClassSpaceSize: 1.00 GB
Initial GC threshold: 21.00 MB
Current GC threshold: 119.81 MB
CDS: on
 - commit_granule_bytes: 65536.
 - commit_granule_words: 8192.
 - virtual_space_node_default_size: 8388608.
 - enlarge_chunks_in_place: 1.
 - use_allocation_guard: 0.


Internal statistics:

num_allocs_failed_limit: 9.
num_arena_births: 1468.
num_arena_deaths: 14.
num_vsnodes_births: 3.
num_vsnodes_deaths: 0.
num_space_committed: 1228.
num_space_uncommitted: 0.
num_chunks_returned_to_freelist: 23.
num_chunks_taken_from_freelist: 5210.
num_chunk_merges: 13.
num_chunk_splits: 3159.
num_chunks_enlarged: 1774.
num_inconsistent_stats: 0.

CodeHeap 'non-profiled nmethods': size=120000Kb used=14559Kb max_used=14559Kb free=105440Kb
 bounds [0x000001f8ecfd0000, 0x000001f8ede10000, 0x000001f8f4500000]
CodeHeap 'profiled nmethods': size=120000Kb used=34616Kb max_used=36652Kb free=85383Kb
 bounds [0x000001f8e5500000, 0x000001f8e78d0000, 0x000001f8eca30000]
CodeHeap 'non-nmethods': size=5760Kb used=1495Kb max_used=1582Kb free=4264Kb
 bounds [0x000001f8eca30000, 0x000001f8ecca0000, 0x000001f8ecfd0000]
 total_blobs=15674 nmethods=14863 adapters=714
 compilation: enabled
              stopped_count=0, restarted_count=0
 full_count=0

Compilation events (20 events):
Event: 780.459 Thread 0x000001f8fa6abc20 nmethod 17170 0x000001f8e5f78b10 code [0x000001f8e5f78cc0, 0x000001f8e5f78e48]
Event: 780.459 Thread 0x000001f8fa6abc20 17171       3       org.eclipse.jdt.internal.compiler.ClassFile$$Lambda/0x000001f88165d258::test (12 bytes)
Event: 780.460 Thread 0x000001f8fa6abc20 nmethod 17171 0x000001f8e6007690 code [0x000001f8e6007840, 0x000001f8e6007af8]
Event: 780.460 Thread 0x000001f8fa6abc20 17172       3       org.eclipse.jdt.internal.compiler.ClassFile::lambda$4 (10 bytes)
Event: 780.460 Thread 0x000001f8fa6abc20 nmethod 17172 0x000001f8e6056210 code [0x000001f8e60563a0, 0x000001f8e60564e0]
Event: 780.479 Thread 0x000001f8c4c040e0 nmethod 17158 0x000001f8eddef990 code [0x000001f8eddefd20, 0x000001f8eddf1670]
Event: 780.479 Thread 0x000001f8c4c040e0 17165       4       org.eclipse.jdt.internal.compiler.codegen.CharArrayCache::rehash (86 bytes)
Event: 780.501 Thread 0x000001f8c4c040e0 nmethod 17165 0x000001f8eddf2a90 code [0x000001f8eddf2ca0, 0x000001f8eddf38a8]
Event: 780.501 Thread 0x000001f8c4c040e0 17175   !   4       org.eclipse.jdt.internal.compiler.lookup.BinaryTypeBinding::cachePartsFrom2 (1933 bytes)
Event: 780.514 Thread 0x000001f8fa63c240 nmethod 17115 0x000001f8eddf3d90 code [0x000001f8eddf4800, 0x000001f8eddfd058]
Event: 780.515 Thread 0x000001f8fa63c240 17167       4       org.eclipse.jdt.internal.compiler.ClassFile::utf8At (156 bytes)
Event: 780.526 Thread 0x000001f8fa63c240 nmethod 17167 0x000001f8ede02c90 code [0x000001f8ede02e40, 0x000001f8ede03298]
Event: 780.527 Thread 0x000001f8fa63c240 17160       4       lombok.eclipse.handlers.EclipseHandlerUtil::removePrefixFromField (253 bytes)
Event: 780.584 Thread 0x000001f8fa63c240 nmethod 17160 0x000001f8ede03410 code [0x000001f8ede03780, 0x000001f8ede04c40]
Event: 780.584 Thread 0x000001f8fa63c240 17159       4       org.eclipse.jdt.internal.compiler.lookup.PackageBinding::<init> (96 bytes)
Event: 780.604 Thread 0x000001f8fa63c240 nmethod 17159 0x000001f8ede06710 code [0x000001f8ede06900, 0x000001f8ede07320]
Event: 780.604 Thread 0x000001f8fa63c240 17131       4       org.eclipse.jdt.internal.compiler.lookup.PackageBinding::initDefaultNullness (70 bytes)
Event: 780.606 Thread 0x000001f8fa63c240 nmethod 17131 0x000001f8ede07790 code [0x000001f8ede07940, 0x000001f8ede07a78]
Event: 780.606 Thread 0x000001f8fa63c240 17154       4       java.util.stream.ReduceOps$4ReducingSink::accept (15 bytes)
Event: 780.607 Thread 0x000001f8fa63c240 nmethod 17154 0x000001f8ede07b90 code [0x000001f8ede07d20, 0x000001f8ede07de0]

GC Heap History (20 events):
Event: 779.551 GC heap before
{Heap before GC invocations=2041 (full 4):
 PSYoungGen      total 4608K, used 3962K [0x00000000d5580000, 0x00000000d5a80000, 0x0000000100000000)
  eden space 3584K, 100% used [0x00000000d5580000,0x00000000d5900000,0x00000000d5900000)
  from space 1024K, 36% used [0x00000000d5900000,0x00000000d595e900,0x00000000d5a00000)
  to   space 512K, 0% used [0x00000000d5a00000,0x00000000d5a00000,0x00000000d5a80000)
 ParOldGen       total 281088K, used 280940K [0x0000000080000000, 0x0000000091280000, 0x00000000d5580000)
  object space 281088K, 99% used [0x0000000080000000,0x000000009125b348,0x0000000091280000)
 Metaspace       used 76758K, committed 78464K, reserved 1179648K
  class space    used 7700K, committed 8448K, reserved 1048576K
}
Event: 779.553 GC heap after
{Heap after GC invocations=2041 (full 4):
 PSYoungGen      total 4096K, used 512K [0x00000000d5580000, 0x00000000d5b00000, 0x0000000100000000)
  eden space 3584K, 0% used [0x00000000d5580000,0x00000000d5580000,0x00000000d5900000)
  from space 512K, 100% used [0x00000000d5a00000,0x00000000d5a80000,0x00000000d5a80000)
  to   space 1024K, 0% used [0x00000000d5900000,0x00000000d5900000,0x00000000d5a00000)
 ParOldGen       total 281600K, used 281233K [0x0000000080000000, 0x0000000091300000, 0x00000000d5580000)
  object space 281600K, 99% used [0x0000000080000000,0x00000000912a4578,0x0000000091300000)
 Metaspace       used 76758K, committed 78464K, reserved 1179648K
  class space    used 7700K, committed 8448K, reserved 1048576K
}
Event: 779.598 GC heap before
{Heap before GC invocations=2042 (full 4):
 PSYoungGen      total 4096K, used 4096K [0x00000000d5580000, 0x00000000d5b00000, 0x0000000100000000)
  eden space 3584K, 100% used [0x00000000d5580000,0x00000000d5900000,0x00000000d5900000)
  from space 512K, 100% used [0x00000000d5a00000,0x00000000d5a80000,0x00000000d5a80000)
  to   space 1024K, 0% used [0x00000000d5900000,0x00000000d5900000,0x00000000d5a00000)
 ParOldGen       total 281600K, used 281233K [0x0000000080000000, 0x0000000091300000, 0x00000000d5580000)
  object space 281600K, 99% used [0x0000000080000000,0x00000000912a4578,0x0000000091300000)
 Metaspace       used 76769K, committed 78464K, reserved 1179648K
  class space    used 7700K, committed 8448K, reserved 1048576K
}
Event: 779.600 GC heap after
{Heap after GC invocations=2042 (full 4):
 PSYoungGen      total 4608K, used 560K [0x00000000d5580000, 0x00000000d5b00000, 0x0000000100000000)
  eden space 3584K, 0% used [0x00000000d5580000,0x00000000d5580000,0x00000000d5900000)
  from space 1024K, 54% used [0x00000000d5900000,0x00000000d598c010,0x00000000d5a00000)
  to   space 1024K, 0% used [0x00000000d5a00000,0x00000000d5a00000,0x00000000d5b00000)
 ParOldGen       total 282112K, used 281753K [0x0000000080000000, 0x0000000091380000, 0x00000000d5580000)
  object space 282112K, 99% used [0x0000000080000000,0x0000000091326578,0x0000000091380000)
 Metaspace       used 76769K, committed 78464K, reserved 1179648K
  class space    used 7700K, committed 8448K, reserved 1048576K
}
Event: 779.841 GC heap before
{Heap before GC invocations=2043 (full 4):
 PSYoungGen      total 4608K, used 4144K [0x00000000d5580000, 0x00000000d5b00000, 0x0000000100000000)
  eden space 3584K, 100% used [0x00000000d5580000,0x00000000d5900000,0x00000000d5900000)
  from space 1024K, 54% used [0x00000000d5900000,0x00000000d598c010,0x00000000d5a00000)
  to   space 1024K, 0% used [0x00000000d5a00000,0x00000000d5a00000,0x00000000d5b00000)
 ParOldGen       total 282112K, used 281753K [0x0000000080000000, 0x0000000091380000, 0x00000000d5580000)
  object space 282112K, 99% used [0x0000000080000000,0x0000000091326578,0x0000000091380000)
 Metaspace       used 76778K, committed 78464K, reserved 1179648K
  class space    used 7700K, committed 8448K, reserved 1048576K
}
Event: 779.844 GC heap after
{Heap after GC invocations=2043 (full 4):
 PSYoungGen      total 4608K, used 596K [0x00000000d5580000, 0x00000000d5b00000, 0x0000000100000000)
  eden space 3584K, 0% used [0x00000000d5580000,0x00000000d5580000,0x00000000d5900000)
  from space 1024K, 58% used [0x00000000d5a00000,0x00000000d5a95200,0x00000000d5b00000)
  to   space 1024K, 0% used [0x00000000d5900000,0x00000000d5900000,0x00000000d5a00000)
 ParOldGen       total 282624K, used 282169K [0x0000000080000000, 0x0000000091400000, 0x00000000d5580000)
  object space 282624K, 99% used [0x0000000080000000,0x000000009138e5b8,0x0000000091400000)
 Metaspace       used 76778K, committed 78464K, reserved 1179648K
  class space    used 7700K, committed 8448K, reserved 1048576K
}
Event: 779.863 GC heap before
{Heap before GC invocations=2044 (full 4):
 PSYoungGen      total 4608K, used 4180K [0x00000000d5580000, 0x00000000d5b00000, 0x0000000100000000)
  eden space 3584K, 100% used [0x00000000d5580000,0x00000000d5900000,0x00000000d5900000)
  from space 1024K, 58% used [0x00000000d5a00000,0x00000000d5a95200,0x00000000d5b00000)
  to   space 1024K, 0% used [0x00000000d5900000,0x00000000d5900000,0x00000000d5a00000)
 ParOldGen       total 282624K, used 282169K [0x0000000080000000, 0x0000000091400000, 0x00000000d5580000)
  object space 282624K, 99% used [0x0000000080000000,0x000000009138e5b8,0x0000000091400000)
 Metaspace       used 76778K, committed 78464K, reserved 1179648K
  class space    used 7700K, committed 8448K, reserved 1048576K
}
Event: 779.865 GC heap after
{Heap after GC invocations=2044 (full 4):
 PSYoungGen      total 4608K, used 672K [0x00000000d5580000, 0x00000000d5b00000, 0x0000000100000000)
  eden space 3584K, 0% used [0x00000000d5580000,0x00000000d5580000,0x00000000d5900000)
  from space 1024K, 65% used [0x00000000d5900000,0x00000000d59a8000,0x00000000d5a00000)
  to   space 1024K, 0% used [0x00000000d5a00000,0x00000000d5a00000,0x00000000d5b00000)
 ParOldGen       total 282624K, used 282581K [0x0000000080000000, 0x0000000091400000, 0x00000000d5580000)
  object space 282624K, 99% used [0x0000000080000000,0x00000000913f57f8,0x0000000091400000)
 Metaspace       used 76778K, committed 78464K, reserved 1179648K
  class space    used 7700K, committed 8448K, reserved 1048576K
}
Event: 779.911 GC heap before
{Heap before GC invocations=2045 (full 4):
 PSYoungGen      total 4608K, used 4256K [0x00000000d5580000, 0x00000000d5b00000, 0x0000000100000000)
  eden space 3584K, 100% used [0x00000000d5580000,0x00000000d5900000,0x00000000d5900000)
  from space 1024K, 65% used [0x00000000d5900000,0x00000000d59a8000,0x00000000d5a00000)
  to   space 1024K, 0% used [0x00000000d5a00000,0x00000000d5a00000,0x00000000d5b00000)
 ParOldGen       total 282624K, used 282581K [0x0000000080000000, 0x0000000091400000, 0x00000000d5580000)
  object space 282624K, 99% used [0x0000000080000000,0x00000000913f57f8,0x0000000091400000)
 Metaspace       used 76809K, committed 78528K, reserved 1179648K
  class space    used 7700K, committed 8448K, reserved 1048576K
}
Event: 779.914 GC heap after
{Heap after GC invocations=2045 (full 4):
 PSYoungGen      total 4608K, used 576K [0x00000000d5580000, 0x00000000d5b00000, 0x0000000100000000)
  eden space 3584K, 0% used [0x00000000d5580000,0x00000000d5580000,0x00000000d5900000)
  from space 1024K, 56% used [0x00000000d5a00000,0x00000000d5a90000,0x00000000d5b00000)
  to   space 1024K, 0% used [0x00000000d5900000,0x00000000d5900000,0x00000000d5a00000)
 ParOldGen       total 283648K, used 283157K [0x0000000080000000, 0x0000000091500000, 0x00000000d5580000)
  object space 283648K, 99% used [0x0000000080000000,0x00000000914857f8,0x0000000091500000)
 Metaspace       used 76809K, committed 78528K, reserved 1179648K
  class space    used 7700K, committed 8448K, reserved 1048576K
}
Event: 780.269 GC heap before
{Heap before GC invocations=2046 (full 4):
 PSYoungGen      total 4608K, used 4160K [0x00000000d5580000, 0x00000000d5b00000, 0x0000000100000000)
  eden space 3584K, 100% used [0x00000000d5580000,0x00000000d5900000,0x00000000d5900000)
  from space 1024K, 56% used [0x00000000d5a00000,0x00000000d5a90000,0x00000000d5b00000)
  to   space 1024K, 0% used [0x00000000d5900000,0x00000000d5900000,0x00000000d5a00000)
 ParOldGen       total 283648K, used 283157K [0x0000000080000000, 0x0000000091500000, 0x00000000d5580000)
  object space 283648K, 99% used [0x0000000080000000,0x00000000914857f8,0x0000000091500000)
 Metaspace       used 76881K, committed 78592K, reserved 1179648K
  class space    used 7700K, committed 8448K, reserved 1048576K
}
Event: 780.271 GC heap after
{Heap after GC invocations=2046 (full 4):
 PSYoungGen      total 4608K, used 506K [0x00000000d5580000, 0x00000000d5b00000, 0x0000000100000000)
  eden space 3584K, 0% used [0x00000000d5580000,0x00000000d5580000,0x00000000d5900000)
  from space 1024K, 49% used [0x00000000d5900000,0x00000000d597e920,0x00000000d5a00000)
  to   space 1024K, 0% used [0x00000000d5a00000,0x00000000d5a00000,0x00000000d5b00000)
 ParOldGen       total 283648K, used 283622K [0x0000000080000000, 0x0000000091500000, 0x00000000d5580000)
  object space 283648K, 99% used [0x0000000080000000,0x00000000914f9838,0x0000000091500000)
 Metaspace       used 76881K, committed 78592K, reserved 1179648K
  class space    used 7700K, committed 8448K, reserved 1048576K
}
Event: 780.288 GC heap before
{Heap before GC invocations=2047 (full 4):
 PSYoungGen      total 4608K, used 4090K [0x00000000d5580000, 0x00000000d5b00000, 0x0000000100000000)
  eden space 3584K, 100% used [0x00000000d5580000,0x00000000d5900000,0x00000000d5900000)
  from space 1024K, 49% used [0x00000000d5900000,0x00000000d597e920,0x00000000d5a00000)
  to   space 1024K, 0% used [0x00000000d5a00000,0x00000000d5a00000,0x00000000d5b00000)
 ParOldGen       total 283648K, used 283622K [0x0000000080000000, 0x0000000091500000, 0x00000000d5580000)
  object space 283648K, 99% used [0x0000000080000000,0x00000000914f9838,0x0000000091500000)
 Metaspace       used 76881K, committed 78592K, reserved 1179648K
  class space    used 7700K, committed 8448K, reserved 1048576K
}
Event: 780.290 GC heap after
{Heap after GC invocations=2047 (full 4):
 PSYoungGen      total 4608K, used 736K [0x00000000d5580000, 0x00000000d5b00000, 0x0000000100000000)
  eden space 3584K, 0% used [0x00000000d5580000,0x00000000d5580000,0x00000000d5900000)
  from space 1024K, 71% used [0x00000000d5a00000,0x00000000d5ab8000,0x00000000d5b00000)
  to   space 1024K, 0% used [0x00000000d5900000,0x00000000d5900000,0x00000000d5a00000)
 ParOldGen       total 284160K, used 284055K [0x0000000080000000, 0x0000000091580000, 0x00000000d5580000)
  object space 284160K, 99% used [0x0000000080000000,0x0000000091565d18,0x0000000091580000)
 Metaspace       used 76881K, committed 78592K, reserved 1179648K
  class space    used 7700K, committed 8448K, reserved 1048576K
}
Event: 780.350 GC heap before
{Heap before GC invocations=2048 (full 4):
 PSYoungGen      total 4608K, used 4320K [0x00000000d5580000, 0x00000000d5b00000, 0x0000000100000000)
  eden space 3584K, 100% used [0x00000000d5580000,0x00000000d5900000,0x00000000d5900000)
  from space 1024K, 71% used [0x00000000d5a00000,0x00000000d5ab8000,0x00000000d5b00000)
  to   space 1024K, 0% used [0x00000000d5900000,0x00000000d5900000,0x00000000d5a00000)
 ParOldGen       total 284160K, used 284055K [0x0000000080000000, 0x0000000091580000, 0x00000000d5580000)
  object space 284160K, 99% used [0x0000000080000000,0x0000000091565d18,0x0000000091580000)
 Metaspace       used 76910K, committed 78592K, reserved 1179648K
  class space    used 7700K, committed 8448K, reserved 1048576K
}
Event: 780.353 GC heap after
{Heap after GC invocations=2048 (full 4):
 PSYoungGen      total 4608K, used 544K [0x00000000d5580000, 0x00000000d5b00000, 0x0000000100000000)
  eden space 3584K, 0% used [0x00000000d5580000,0x00000000d5580000,0x00000000d5900000)
  from space 1024K, 53% used [0x00000000d5900000,0x00000000d5988000,0x00000000d5a00000)
  to   space 1024K, 0% used [0x00000000d5a00000,0x00000000d5a00000,0x00000000d5b00000)
 ParOldGen       total 284672K, used 284631K [0x0000000080000000, 0x0000000091600000, 0x00000000d5580000)
  object space 284672K, 99% used [0x0000000080000000,0x00000000915f5d18,0x0000000091600000)
 Metaspace       used 76910K, committed 78592K, reserved 1179648K
  class space    used 7700K, committed 8448K, reserved 1048576K
}
Event: 780.410 GC heap before
{Heap before GC invocations=2049 (full 4):
 PSYoungGen      total 4608K, used 4128K [0x00000000d5580000, 0x00000000d5b00000, 0x0000000100000000)
  eden space 3584K, 100% used [0x00000000d5580000,0x00000000d5900000,0x00000000d5900000)
  from space 1024K, 53% used [0x00000000d5900000,0x00000000d5988000,0x00000000d5a00000)
  to   space 1024K, 0% used [0x00000000d5a00000,0x00000000d5a00000,0x00000000d5b00000)
 ParOldGen       total 284672K, used 284631K [0x0000000080000000, 0x0000000091600000, 0x00000000d5580000)
  object space 284672K, 99% used [0x0000000080000000,0x00000000915f5d18,0x0000000091600000)
 Metaspace       used 76911K, committed 78592K, reserved 1179648K
  class space    used 7700K, committed 8448K, reserved 1048576K
}
Event: 780.412 GC heap after
{Heap after GC invocations=2049 (full 4):
 PSYoungGen      total 4608K, used 634K [0x00000000d5580000, 0x00000000d5b00000, 0x0000000100000000)
  eden space 3584K, 0% used [0x00000000d5580000,0x00000000d5580000,0x00000000d5900000)
  from space 1024K, 61% used [0x00000000d5a00000,0x00000000d5a9e900,0x00000000d5b00000)
  to   space 1024K, 0% used [0x00000000d5900000,0x00000000d5900000,0x00000000d5a00000)
 ParOldGen       total 285184K, used 285015K [0x0000000080000000, 0x0000000091680000, 0x00000000d5580000)
  object space 285184K, 99% used [0x0000000080000000,0x0000000091655d58,0x0000000091680000)
 Metaspace       used 76911K, committed 78592K, reserved 1179648K
  class space    used 7700K, committed 8448K, reserved 1048576K
}
Event: 780.431 GC heap before
{Heap before GC invocations=2050 (full 4):
 PSYoungGen      total 4608K, used 4218K [0x00000000d5580000, 0x00000000d5b00000, 0x0000000100000000)
  eden space 3584K, 100% used [0x00000000d5580000,0x00000000d5900000,0x00000000d5900000)
  from space 1024K, 61% used [0x00000000d5a00000,0x00000000d5a9e900,0x00000000d5b00000)
  to   space 1024K, 0% used [0x00000000d5900000,0x00000000d5900000,0x00000000d5a00000)
 ParOldGen       total 285184K, used 285015K [0x0000000080000000, 0x0000000091680000, 0x00000000d5580000)
  object space 285184K, 99% used [0x0000000080000000,0x0000000091655d58,0x0000000091680000)
 Metaspace       used 76912K, committed 78592K, reserved 1179648K
  class space    used 7700K, committed 8448K, reserved 1048576K
}
Event: 780.433 GC heap after
{Heap after GC invocations=2050 (full 4):
 PSYoungGen      total 4608K, used 576K [0x00000000d5580000, 0x00000000d5b00000, 0x0000000100000000)
  eden space 3584K, 0% used [0x00000000d5580000,0x00000000d5580000,0x00000000d5900000)
  from space 1024K, 56% used [0x00000000d5900000,0x00000000d5990000,0x00000000d5a00000)
  to   space 1024K, 0% used [0x00000000d5a00000,0x00000000d5a00000,0x00000000d5b00000)
 ParOldGen       total 285696K, used 285563K [0x0000000080000000, 0x0000000091700000, 0x00000000d5580000)
  object space 285696K, 99% used [0x0000000080000000,0x00000000916def88,0x0000000091700000)
 Metaspace       used 76912K, committed 78592K, reserved 1179648K
  class space    used 7700K, committed 8448K, reserved 1048576K
}

Dll operation events (11 events):
Event: 0.038 Loaded shared library c:\Users\228173\.vscode\extensions\redhat.java-1.43.1-win32-x64\jre\21.0.7-win32-x86_64\bin\java.dll
Event: 0.250 Loaded shared library c:\Users\228173\.vscode\extensions\redhat.java-1.43.1-win32-x64\jre\21.0.7-win32-x86_64\bin\zip.dll
Event: 0.298 Loaded shared library C:\Users\228173\.vscode\extensions\redhat.java-1.43.1-win32-x64\jre\21.0.7-win32-x86_64\bin\instrument.dll
Event: 0.318 Loaded shared library C:\Users\228173\.vscode\extensions\redhat.java-1.43.1-win32-x64\jre\21.0.7-win32-x86_64\bin\net.dll
Event: 0.387 Loaded shared library C:\Users\228173\.vscode\extensions\redhat.java-1.43.1-win32-x64\jre\21.0.7-win32-x86_64\bin\nio.dll
Event: 0.408 Loaded shared library C:\Users\228173\.vscode\extensions\redhat.java-1.43.1-win32-x64\jre\21.0.7-win32-x86_64\bin\zip.dll
Event: 0.438 Loaded shared library C:\Users\228173\.vscode\extensions\redhat.java-1.43.1-win32-x64\jre\21.0.7-win32-x86_64\bin\jimage.dll
Event: 0.742 Loaded shared library c:\Users\228173\.vscode\extensions\redhat.java-1.43.1-win32-x64\jre\21.0.7-win32-x86_64\bin\verify.dll
Event: 3.434 Loaded shared library C:\Users\228173\AppData\Roaming\Code\User\globalStorage\redhat.java\1.43.1\config_win\org.eclipse.equinox.launcher\org.eclipse.equinox.launcher.win32.win32.x86_64_1.2.1300.v20250331-1702\eclipse_11911.dll
Event: 6.721 Loaded shared library C:\Users\228173\AppData\Local\Temp\jna-1479350741\jna3743848286917335435.dll
Event: 72.406 Loaded shared library C:\Users\228173\.vscode\extensions\redhat.java-1.43.1-win32-x64\jre\21.0.7-win32-x86_64\bin\extnet.dll

Deoptimization events (20 events):
Event: 779.581 Thread 0x000001f8c28fbdb0 Uncommon trap: trap_request=0xffffffd6 fr.pc=0x000001f8ed21bac0 relative=0x0000000000000460
Event: 779.581 Thread 0x000001f8c28fbdb0 Uncommon trap: reason=array_check action=maybe_recompile pc=0x000001f8ed21bac0 method=org.eclipse.jdt.internal.compiler.lookup.UnresolvedReferenceBinding.addWrapper(Lorg/eclipse/jdt/internal/compiler/lookup/HotSwappable;Lorg/eclipse/jdt/internal/compiler/
Event: 779.581 Thread 0x000001f8c28fbdb0 DEOPT PACKING pc=0x000001f8ed21bac0 sp=0x000000bb63efca40
Event: 779.581 Thread 0x000001f8c28fbdb0 DEOPT UNPACKING pc=0x000001f8eca86da2 sp=0x000000bb63efc9f0 mode 2
Event: 779.581 Thread 0x000001f8c28fbdb0 Uncommon trap: trap_request=0xffffffd6 fr.pc=0x000001f8ed21bac0 relative=0x0000000000000460
Event: 779.581 Thread 0x000001f8c28fbdb0 Uncommon trap: reason=array_check action=maybe_recompile pc=0x000001f8ed21bac0 method=org.eclipse.jdt.internal.compiler.lookup.UnresolvedReferenceBinding.addWrapper(Lorg/eclipse/jdt/internal/compiler/lookup/HotSwappable;Lorg/eclipse/jdt/internal/compiler/
Event: 779.581 Thread 0x000001f8c28fbdb0 DEOPT PACKING pc=0x000001f8ed21bac0 sp=0x000000bb63efc920
Event: 779.581 Thread 0x000001f8c28fbdb0 DEOPT UNPACKING pc=0x000001f8eca86da2 sp=0x000000bb63efc8d0 mode 2
Event: 779.591 Thread 0x000001f8c28fbdb0 Uncommon trap: trap_request=0xffffffd6 fr.pc=0x000001f8ed21bac0 relative=0x0000000000000460
Event: 779.591 Thread 0x000001f8c28fbdb0 Uncommon trap: reason=array_check action=maybe_recompile pc=0x000001f8ed21bac0 method=org.eclipse.jdt.internal.compiler.lookup.UnresolvedReferenceBinding.addWrapper(Lorg/eclipse/jdt/internal/compiler/lookup/HotSwappable;Lorg/eclipse/jdt/internal/compiler/
Event: 779.591 Thread 0x000001f8c28fbdb0 DEOPT PACKING pc=0x000001f8ed21bac0 sp=0x000000bb63efd630
Event: 779.591 Thread 0x000001f8c28fbdb0 DEOPT UNPACKING pc=0x000001f8eca86da2 sp=0x000000bb63efd5e0 mode 2
Event: 779.933 Thread 0x000001f8c28fbdb0 Uncommon trap: trap_request=0xffffff76 fr.pc=0x000001f8edde158c relative=0x000000000000016c
Event: 779.933 Thread 0x000001f8c28fbdb0 Uncommon trap: reason=predicate action=maybe_recompile pc=0x000001f8edde158c method=java.util.LinkedHashMap.keysToArray([Ljava/lang/Object;Z)[Ljava/lang/Object; @ 53 c2
Event: 779.933 Thread 0x000001f8c28fbdb0 DEOPT PACKING pc=0x000001f8edde158c sp=0x000000bb63efe4a0
Event: 779.933 Thread 0x000001f8c28fbdb0 DEOPT UNPACKING pc=0x000001f8eca86da2 sp=0x000000bb63efe430 mode 2
Event: 779.967 Thread 0x000001f8c28fbdb0 Uncommon trap: trap_request=0xffffff45 fr.pc=0x000001f8ed440834 relative=0x0000000000000094
Event: 779.967 Thread 0x000001f8c28fbdb0 Uncommon trap: reason=unstable_if action=reinterpret pc=0x000001f8ed440834 method=java.util.LinkedHashMap.afterNodeInsertion(Z)V @ 18 c2
Event: 779.967 Thread 0x000001f8c28fbdb0 DEOPT PACKING pc=0x000001f8ed440834 sp=0x000000bb63efef80
Event: 779.967 Thread 0x000001f8c28fbdb0 DEOPT UNPACKING pc=0x000001f8eca86da2 sp=0x000000bb63efef00 mode 2

Classes loaded (20 events):
Event: 77.235 Loading class java/lang/ProcessHandleImpl$1
Event: 77.236 Loading class java/lang/ProcessHandleImpl$1 done
Event: 77.236 Loading class java/util/concurrent/CompletableFuture$UniHandle
Event: 77.237 Loading class java/util/concurrent/CompletableFuture$UniHandle done
Event: 310.986 Loading class java/util/stream/Nodes$CollectorTask$OfRef
Event: 310.986 Loading class java/util/stream/Nodes$CollectorTask
Event: 310.986 Loading class java/util/stream/Nodes$CollectorTask done
Event: 310.986 Loading class java/util/stream/Nodes$CollectorTask$OfRef done
Event: 310.986 Loading class java/util/function/LongFunction
Event: 310.986 Loading class java/util/function/LongFunction done
Event: 310.986 Loading class java/util/stream/Nodes$ConcNode
Event: 310.986 Loading class java/util/stream/Nodes$AbstractConcNode
Event: 310.986 Loading class java/util/stream/Nodes$AbstractConcNode done
Event: 310.987 Loading class java/util/stream/Nodes$ConcNode done
Event: 310.995 Loading class java/io/ObjectOutputStream$BlockDataOutputStream
Event: 310.995 Loading class java/io/ObjectOutputStream$BlockDataOutputStream done
Event: 310.996 Loading class java/io/ObjectOutputStream$HandleTable
Event: 310.996 Loading class java/io/ObjectOutputStream$HandleTable done
Event: 310.996 Loading class java/io/ObjectOutputStream$ReplaceTable
Event: 310.996 Loading class java/io/ObjectOutputStream$ReplaceTable done

Classes unloaded (7 events):
Event: 7.795 Thread 0x000001f8f8d96b70 Unloading class 0x000001f8811a4800 'java/lang/invoke/LambdaForm$MH+0x000001f8811a4800'
Event: 7.795 Thread 0x000001f8f8d96b70 Unloading class 0x000001f8811a4400 'java/lang/invoke/LambdaForm$MH+0x000001f8811a4400'
Event: 7.795 Thread 0x000001f8f8d96b70 Unloading class 0x000001f8811a4000 'java/lang/invoke/LambdaForm$MH+0x000001f8811a4000'
Event: 7.795 Thread 0x000001f8f8d96b70 Unloading class 0x000001f8811a3c00 'java/lang/invoke/LambdaForm$MH+0x000001f8811a3c00'
Event: 7.795 Thread 0x000001f8f8d96b70 Unloading class 0x000001f8811a3800 'java/lang/invoke/LambdaForm$BMH+0x000001f8811a3800'
Event: 7.795 Thread 0x000001f8f8d96b70 Unloading class 0x000001f8811a3400 'java/lang/invoke/LambdaForm$DMH+0x000001f8811a3400'
Event: 7.795 Thread 0x000001f8f8d96b70 Unloading class 0x000001f8811a2000 'java/lang/invoke/LambdaForm$DMH+0x000001f8811a2000'

Classes redefined (0 events):
No events

Internal exceptions (20 events):
Event: 71.889 Thread 0x000001f8c4aad4a0 Exception <a 'sun/nio/fs/WindowsException'{0x00000000d57520e0}> (0x00000000d57520e0) 
thrown [s\src\hotspot\share\prims\jni.cpp, line 520]
Event: 71.889 Thread 0x000001f8c4aad4a0 Exception <a 'sun/nio/fs/WindowsException'{0x00000000d5752be8}> (0x00000000d5752be8) 
thrown [s\src\hotspot\share\prims\jni.cpp, line 520]
Event: 72.363 Thread 0x000001f8c28fd7f0 Exception <a 'java/io/IOException'{0x00000000d59e6ca0}> (0x00000000d59e6ca0) 
thrown [s\src\hotspot\share\prims\jni.cpp, line 520]
Event: 72.364 Thread 0x000001f8c28fd7f0 Exception <a 'java/io/IOException'{0x00000000d5a05560}> (0x00000000d5a05560) 
thrown [s\src\hotspot\share\prims\jni.cpp, line 520]
Event: 72.366 Thread 0x000001f8c28fd7f0 Exception <a 'java/io/IOException'{0x00000000d5a29ba0}> (0x00000000d5a29ba0) 
thrown [s\src\hotspot\share\prims\jni.cpp, line 520]
Event: 72.456 Thread 0x000001f8c28fde80 Exception <a 'java/io/FileNotFoundException'{0x00000000d57bcd58}> (0x00000000d57bcd58) 
thrown [s\src\hotspot\share\prims\jni.cpp, line 520]
Event: 72.644 Thread 0x000001f8c28fde80 Exception <a 'java/lang/NoSuchMethodError'{0x00000000d5752c28}: 'java.lang.Object java.lang.invoke.DirectMethodHandle$Holder.invokeVirtual(java.lang.Object, java.lang.Object, java.lang.Object, java.lang.Object)'> (0x00000000d5752c28) 
thrown [s\src\hotspot\share\interpreter\linkResolver.cpp, line 773]
Event: 72.708 Thread 0x000001f8c28faa00 Exception <a 'java/lang/NoSuchMethodError'{0x00000000d56696e0}: 'java.lang.Object java.lang.invoke.DirectMethodHandle$Holder.invokeStatic(java.lang.Object, long, java.lang.Object, java.lang.Object)'> (0x00000000d56696e0) 
thrown [s\src\hotspot\share\interpreter\linkResolver.cpp, line 773]
Event: 72.741 Thread 0x000001f8c28faa00 Exception <a 'sun/nio/fs/WindowsException'{0x00000000d5705680}> (0x00000000d5705680) 
thrown [s\src\hotspot\share\prims\jni.cpp, line 520]
Event: 72.742 Thread 0x000001f8c28faa00 Exception <a 'sun/nio/fs/WindowsException'{0x00000000d5706760}> (0x00000000d5706760) 
thrown [s\src\hotspot\share\prims\jni.cpp, line 520]
Event: 72.745 Thread 0x000001f8c28faa00 Exception <a 'java/io/IOException'{0x00000000d5706fe0}> (0x00000000d5706fe0) 
thrown [s\src\hotspot\share\prims\jni.cpp, line 520]
Event: 72.746 Thread 0x000001f8c28faa00 Exception <a 'java/io/IOException'{0x00000000d571e1e0}> (0x00000000d571e1e0) 
thrown [s\src\hotspot\share\prims\jni.cpp, line 520]
Event: 72.769 Thread 0x000001f8c28faa00 Exception <a 'java/lang/NoSuchMethodError'{0x00000000d5817340}: 'void java.lang.invoke.DirectMethodHandle$Holder.invokeStatic(java.lang.Object, java.lang.Object, java.lang.Object, java.lang.Object, java.lang.Object, java.lang.Object, java.lang.Object)'> (0x00000000d5817340) 
thrown [s\src\hotspot\share\interpreter\linkResolver.cpp, line 773]
Event: 74.245 Thread 0x000001f8c28f7580 Exception <a 'java/lang/NoSuchMethodError'{0x00000000d5871b10}: 'long java.lang.invoke.DelegatingMethodHandle$Holder.reinvoke_L(java.lang.Object, java.lang.Object)'> (0x00000000d5871b10) 
thrown [s\src\hotspot\share\interpreter\linkResolver.cpp, line 773]
Event: 74.246 Thread 0x000001f8c28f7580 Exception <a 'java/lang/NoSuchMethodError'{0x00000000d587ba48}: 'void java.lang.invoke.DelegatingMethodHandle$Holder.reinvoke_L(java.lang.Object, java.lang.Object, long)'> (0x00000000d587ba48) 
thrown [s\src\hotspot\share\interpreter\linkResolver.cpp, line 773]
Event: 77.237 Thread 0x000001f8c28f7580 Exception <a 'java/lang/NoSuchMethodError'{0x00000000d5996fc8}: 'long java.lang.invoke.Invokers$Holder.invokeExact_MT(java.lang.Object, java.lang.Object, java.lang.Object)'> (0x00000000d5996fc8) 
thrown [s\src\hotspot\share\interpreter\linkResolver.cpp, line 773]
Event: 103.852 Thread 0x000001f8c4aad4a0 Exception <a 'java/lang/NoSuchMethodError'{0x00000000d5a603e0}: 'java.lang.Object java.lang.invoke.DirectMethodHandle$Holder.invokeStaticInit(java.lang.Object, java.lang.Object, java.lang.Object)'> (0x00000000d5a603e0) 
thrown [s\src\hotspot\share\interpreter\linkResolver.cpp, line 773]
Event: 103.883 Thread 0x000001f8c4aad4a0 Implicit null exception at 0x000001f8ed4e6e7f to 0x000001f8ed4e71b4
Event: 311.007 Thread 0x000001f8c12e8eb0 Exception <a 'java/lang/NoSuchMethodError'{0x00000000d576ff98}: static [J.<clinit>()V> (0x00000000d576ff98) 
thrown [s\src\hotspot\share\prims\jni.cpp, line 1111]
Event: 311.014 Thread 0x000001f8c12e8eb0 Exception <a 'java/lang/NoSuchMethodError'{0x00000000d57aa118}: 'java.lang.Object java.lang.invoke.DirectMethodHandle$Holder.newInvokeSpecial(java.lang.Object, java.lang.Object, java.lang.Object, java.lang.Object, java.lang.Object, java.lang.Object, java.lang.Object, java.lang.Object)'> (0x00000000d57aa118) 
thrown [s\src\hotspot\share\interpreter\linkResolver.cpp, line 773]

ZGC Phase Switch (0 events):
No events

VM Operations (20 events):
Event: 779.551 Executing VM operation: ParallelGCFailedAllocation (Allocation Failure)
Event: 779.553 Executing VM operation: ParallelGCFailedAllocation (Allocation Failure) done
Event: 779.598 Executing VM operation: ParallelGCFailedAllocation (Allocation Failure)
Event: 779.600 Executing VM operation: ParallelGCFailedAllocation (Allocation Failure) done
Event: 779.841 Executing VM operation: ParallelGCFailedAllocation (Allocation Failure)
Event: 779.844 Executing VM operation: ParallelGCFailedAllocation (Allocation Failure) done
Event: 779.863 Executing VM operation: ParallelGCFailedAllocation (Allocation Failure)
Event: 779.865 Executing VM operation: ParallelGCFailedAllocation (Allocation Failure) done
Event: 779.911 Executing VM operation: ParallelGCFailedAllocation (Allocation Failure)
Event: 779.914 Executing VM operation: ParallelGCFailedAllocation (Allocation Failure) done
Event: 780.269 Executing VM operation: ParallelGCFailedAllocation (Allocation Failure)
Event: 780.271 Executing VM operation: ParallelGCFailedAllocation (Allocation Failure) done
Event: 780.288 Executing VM operation: ParallelGCFailedAllocation (Allocation Failure)
Event: 780.290 Executing VM operation: ParallelGCFailedAllocation (Allocation Failure) done
Event: 780.350 Executing VM operation: ParallelGCFailedAllocation (Allocation Failure)
Event: 780.353 Executing VM operation: ParallelGCFailedAllocation (Allocation Failure) done
Event: 780.410 Executing VM operation: ParallelGCFailedAllocation (Allocation Failure)
Event: 780.412 Executing VM operation: ParallelGCFailedAllocation (Allocation Failure) done
Event: 780.431 Executing VM operation: ParallelGCFailedAllocation (Allocation Failure)
Event: 780.433 Executing VM operation: ParallelGCFailedAllocation (Allocation Failure) done

Memory protections (0 events):
No events

Nmethod flushes (20 events):
Event: 69.994 Thread 0x000001f8f8d96b70 flushing  nmethod 0x000001f8e67b7410
Event: 69.994 Thread 0x000001f8f8d96b70 flushing  nmethod 0x000001f8e67d0f90
Event: 69.994 Thread 0x000001f8f8d96b70 flushing  nmethod 0x000001f8e67d4610
Event: 69.994 Thread 0x000001f8f8d96b70 flushing  nmethod 0x000001f8e67d4910
Event: 69.994 Thread 0x000001f8f8d96b70 flushing  nmethod 0x000001f8e67d5c90
Event: 69.994 Thread 0x000001f8f8d96b70 flushing  nmethod 0x000001f8e6804e90
Event: 69.994 Thread 0x000001f8f8d96b70 flushing  nmethod 0x000001f8e680cd10
Event: 69.994 Thread 0x000001f8f8d96b70 flushing  nmethod 0x000001f8e680d110
Event: 69.994 Thread 0x000001f8f8d96b70 flushing  nmethod 0x000001f8e680f910
Event: 69.994 Thread 0x000001f8f8d96b70 flushing  nmethod 0x000001f8e6812f10
Event: 69.994 Thread 0x000001f8f8d96b70 flushing  nmethod 0x000001f8e6816390
Event: 69.994 Thread 0x000001f8f8d96b70 flushing  nmethod 0x000001f8e6817010
Event: 69.994 Thread 0x000001f8f8d96b70 flushing  nmethod 0x000001f8e683ad10
Event: 69.994 Thread 0x000001f8f8d96b70 flushing  nmethod 0x000001f8e685bc90
Event: 69.994 Thread 0x000001f8f8d96b70 flushing  nmethod 0x000001f8e685c690
Event: 69.994 Thread 0x000001f8f8d96b70 flushing  nmethod 0x000001f8e68e1090
Event: 69.994 Thread 0x000001f8f8d96b70 flushing  nmethod 0x000001f8e68e5490
Event: 69.994 Thread 0x000001f8f8d96b70 flushing  nmethod 0x000001f8e68e5f90
Event: 69.994 Thread 0x000001f8f8d96b70 flushing  nmethod 0x000001f8e68f5190
Event: 69.994 Thread 0x000001f8f8d96b70 flushing osr nmethod 0x000001f8e6906390

Events (20 events):
Event: 440.576 Thread 0x000001f8c81d0ac0 Thread exited: 0x000001f8c81d0ac0
Event: 466.398 Thread 0x000001f8c4aa9990 Thread exited: 0x000001f8c4aa9990
Event: 500.585 Thread 0x000001f8c81d45d0 Thread exited: 0x000001f8c81d45d0
Event: 562.404 Thread 0x000001f8c4aac780 Thread exited: 0x000001f8c4aac780
Event: 622.672 Thread 0x000001f8c3b195d0 Thread added: 0x000001f8c28fe510
Event: 622.686 Thread 0x000001f8c28fe510 Thread added: 0x000001f8c28fc440
Event: 622.785 Thread 0x000001f8fa6abc20 Thread added: 0x000001f8c4c062f0
Event: 623.206 Thread 0x000001f8c4c062f0 Thread exited: 0x000001f8c4c062f0
Event: 623.255 Thread 0x000001f8fa63c240 Thread added: 0x000001f8c4c040e0
Event: 628.142 Thread 0x000001f8c4c040e0 Thread exited: 0x000001f8c4c040e0
Event: 688.150 Thread 0x000001f8c28fe510 Thread exited: 0x000001f8c28fe510
Event: 748.154 Thread 0x000001f8c28fc440 Thread exited: 0x000001f8c28fc440
Event: 779.170 Thread 0x000001f8c3b195d0 Thread added: 0x000001f8c28fbdb0
Event: 779.175 Thread 0x000001f8c3b195d0 Thread added: 0x000001f8c28fe510
Event: 779.177 Thread 0x000001f8c28fbdb0 Thread added: 0x000001f8c28fcad0
Event: 779.292 Thread 0x000001f8fa6abc20 Thread added: 0x000001f8c4c040e0
Event: 779.828 Thread 0x000001f8c4c040e0 Thread exited: 0x000001f8c4c040e0
Event: 779.853 Thread 0x000001f8fa6abc20 Thread added: 0x000001f8c4c062f0
Event: 780.243 Thread 0x000001f8c4c062f0 Thread exited: 0x000001f8c4c062f0
Event: 780.346 Thread 0x000001f8fa6abc20 Thread added: 0x000001f8c4c040e0


Dynamic libraries:
0x00007ff7c4e30000 - 0x00007ff7c4e3e000 	c:\Users\228173\.vscode\extensions\redhat.java-1.43.1-win32-x64\jre\21.0.7-win32-x86_64\bin\java.exe
0x00007ff868230000 - 0x00007ff868447000 	C:\WINDOWS\SYSTEM32\ntdll.dll
0x00007ff8667e0000 - 0x00007ff8668a4000 	C:\WINDOWS\System32\KERNEL32.DLL
0x00007ff865370000 - 0x00007ff865743000 	C:\WINDOWS\System32\KERNELBASE.dll
0x00007ff865750000 - 0x00007ff865861000 	C:\WINDOWS\System32\ucrtbase.dll
0x00007ff85bd50000 - 0x00007ff85bd68000 	c:\Users\228173\.vscode\extensions\redhat.java-1.43.1-win32-x64\jre\21.0.7-win32-x86_64\bin\jli.dll
0x00007ff867840000 - 0x00007ff8679f1000 	C:\WINDOWS\System32\USER32.dll
0x00007ff865340000 - 0x00007ff865366000 	C:\WINDOWS\System32\win32u.dll
0x00007ff865f90000 - 0x00007ff865fb9000 	C:\WINDOWS\System32\GDI32.dll
0x00007ff865870000 - 0x00007ff86598b000 	C:\WINDOWS\System32\gdi32full.dll
0x00007ff865990000 - 0x00007ff865a2a000 	C:\WINDOWS\System32\msvcp_win.dll
0x00007ff858660000 - 0x00007ff85867e000 	c:\Users\228173\.vscode\extensions\redhat.java-1.43.1-win32-x64\jre\21.0.7-win32-x86_64\bin\VCRUNTIME140.dll
0x00007ff84d870000 - 0x00007ff84db08000 	C:\WINDOWS\WinSxS\amd64_microsoft.windows.common-controls_6595b64144ccf1df_6.0.22621.5124_none_270e8f4f7386d69d\COMCTL32.dll
0x00007ff865ed0000 - 0x00007ff865f77000 	C:\WINDOWS\System32\msvcrt.dll
0x00007ff868000000 - 0x00007ff868031000 	C:\WINDOWS\System32\IMM32.DLL
0x000001f8e1370000 - 0x000001f8e1386000 	C:\WINDOWS\System32\umppc19809.dll
0x000001f8e13c0000 - 0x000001f8e13d3000 	C:\WINDOWS\System32\CsXumd64_19809.dll
0x00007ff863990000 - 0x00007ff863ad1000 	C:\Program Files\Avecto\Privilege Guard Client\PGHook.dll
0x0000000068000000 - 0x000000006806e000 	C:\WINDOWS\System32\QIPCAP64.dll
0x00007ff867f40000 - 0x00007ff867ff1000 	C:\WINDOWS\System32\ADVAPI32.dll
0x00007ff8665a0000 - 0x00007ff866648000 	C:\WINDOWS\System32\sechost.dll
0x00007ff865af0000 - 0x00007ff865b18000 	C:\WINDOWS\System32\bcrypt.dll
0x00007ff867500000 - 0x00007ff867614000 	C:\WINDOWS\System32\RPCRT4.dll
0x00007ff8668b0000 - 0x00007ff867146000 	C:\WINDOWS\System32\SHELL32.dll
0x00007ff865d90000 - 0x00007ff865ecf000 	C:\WINDOWS\System32\wintypes.dll
0x00007ff8660a0000 - 0x00007ff866432000 	C:\WINDOWS\System32\combase.dll
0x00007ff863b10000 - 0x00007ff863c12000 	C:\WINDOWS\SYSTEM32\DNSAPI.dll
0x00007ff863ae0000 - 0x00007ff863b0d000 	C:\WINDOWS\SYSTEM32\IPHLPAPI.DLL
0x00007ff867620000 - 0x00007ff867629000 	C:\WINDOWS\System32\NSI.dll
0x00007ff85dd60000 - 0x00007ff85dd6c000 	c:\Users\228173\.vscode\extensions\redhat.java-1.43.1-win32-x64\jre\21.0.7-win32-x86_64\bin\vcruntime140_1.dll
0x00007ff847130000 - 0x00007ff8471bd000 	c:\Users\228173\.vscode\extensions\redhat.java-1.43.1-win32-x64\jre\21.0.7-win32-x86_64\bin\msvcp140.dll
0x00007fffa2260000 - 0x00007fffa2ff0000 	c:\Users\228173\.vscode\extensions\redhat.java-1.43.1-win32-x64\jre\21.0.7-win32-x86_64\bin\server\jvm.dll
0x00007ff867160000 - 0x00007ff8671d1000 	C:\WINDOWS\System32\WS2_32.dll
0x00007ff8640c0000 - 0x00007ff86410d000 	C:\WINDOWS\SYSTEM32\POWRPROF.dll
0x00007ff84cd90000 - 0x00007ff84cdc4000 	C:\WINDOWS\SYSTEM32\WINMM.dll
0x00007ff857a70000 - 0x00007ff857a7a000 	C:\WINDOWS\SYSTEM32\VERSION.dll
0x00007ff864080000 - 0x00007ff864093000 	C:\WINDOWS\SYSTEM32\UMPDC.dll
0x00007ff864340000 - 0x00007ff864358000 	C:\WINDOWS\SYSTEM32\kernel.appcore.dll
0x00007ff85d570000 - 0x00007ff85d57a000 	c:\Users\228173\.vscode\extensions\redhat.java-1.43.1-win32-x64\jre\21.0.7-win32-x86_64\bin\jimage.dll
0x00007ff8628b0000 - 0x00007ff862ae2000 	C:\WINDOWS\SYSTEM32\DBGHELP.DLL
0x000001f8e1970000 - 0x000001f8e1a47000 	C:\WINDOWS\System32\OLEAUT32.dll
0x00007ff83f2b0000 - 0x00007ff83f2e2000 	C:\WINDOWS\SYSTEM32\dbgcore.DLL
0x000001f8e1a50000 - 0x000001f8e1acb000 	C:\WINDOWS\System32\bcryptPrimitives.dll
0x00007ff858440000 - 0x00007ff85844f000 	c:\Users\228173\.vscode\extensions\redhat.java-1.43.1-win32-x64\jre\21.0.7-win32-x86_64\bin\instrument.dll
0x00007ff856aa0000 - 0x00007ff856abf000 	c:\Users\228173\.vscode\extensions\redhat.java-1.43.1-win32-x64\jre\21.0.7-win32-x86_64\bin\java.dll
0x00007ff862e20000 - 0x00007ff86373a000 	C:\WINDOWS\SYSTEM32\windows.storage.dll
0x00007ff8673f0000 - 0x00007ff8674fa000 	C:\WINDOWS\System32\SHCORE.dll
0x00007ff866030000 - 0x00007ff866093000 	C:\WINDOWS\System32\shlwapi.dll
0x00007ff865270000 - 0x00007ff86529b000 	C:\WINDOWS\SYSTEM32\profapi.dll
0x00007ff856840000 - 0x00007ff856858000 	c:\Users\228173\.vscode\extensions\redhat.java-1.43.1-win32-x64\jre\21.0.7-win32-x86_64\bin\zip.dll
0x00007ff856750000 - 0x00007ff856760000 	C:\Users\228173\.vscode\extensions\redhat.java-1.43.1-win32-x64\jre\21.0.7-win32-x86_64\bin\net.dll
0x00007ff864360000 - 0x00007ff86448c000 	C:\WINDOWS\SYSTEM32\WINHTTP.dll
0x00007ff8648e0000 - 0x00007ff86494a000 	C:\WINDOWS\system32\mswsock.dll
0x00007ff84bde0000 - 0x00007ff84bdf6000 	C:\Users\228173\.vscode\extensions\redhat.java-1.43.1-win32-x64\jre\21.0.7-win32-x86_64\bin\nio.dll
0x00007ff851b40000 - 0x00007ff851b50000 	c:\Users\228173\.vscode\extensions\redhat.java-1.43.1-win32-x64\jre\21.0.7-win32-x86_64\bin\verify.dll
0x00007ff847dc0000 - 0x00007ff847e05000 	C:\Users\228173\AppData\Roaming\Code\User\globalStorage\redhat.java\1.43.1\config_win\org.eclipse.equinox.launcher\org.eclipse.equinox.launcher.win32.win32.x86_64_1.2.1300.v20250331-1702\eclipse_11911.dll
0x00007ff868040000 - 0x00007ff8681e1000 	C:\WINDOWS\System32\ole32.dll
0x00007ff864b80000 - 0x00007ff864b9b000 	C:\WINDOWS\SYSTEM32\CRYPTSP.dll
0x00007ff8642a0000 - 0x00007ff8642d7000 	C:\WINDOWS\system32\rsaenh.dll
0x00007ff864980000 - 0x00007ff8649a8000 	C:\WINDOWS\SYSTEM32\USERENV.dll
0x00007ff864b60000 - 0x00007ff864b6c000 	C:\WINDOWS\SYSTEM32\CRYPTBASE.dll
0x00007ff8486a0000 - 0x00007ff8486e9000 	C:\Users\228173\AppData\Local\Temp\jna-1479350741\jna3743848286917335435.dll
0x00007ff867ab0000 - 0x00007ff867ab8000 	C:\WINDOWS\System32\PSAPI.DLL
0x00007ff85bd90000 - 0x00007ff85bda9000 	C:\WINDOWS\SYSTEM32\dhcpcsvc6.DLL
0x00007ff85bd70000 - 0x00007ff85bd8f000 	C:\WINDOWS\SYSTEM32\dhcpcsvc.DLL
0x00007ff85dee0000 - 0x00007ff85dee9000 	C:\Users\228173\.vscode\extensions\redhat.java-1.43.1-win32-x64\jre\21.0.7-win32-x86_64\bin\extnet.dll

dbghelp: loaded successfully - version: 4.0.5 - missing functions: none
symbol engine: initialized successfully - sym options: 0x614 - pdb path: .;c:\Users\228173\.vscode\extensions\redhat.java-1.43.1-win32-x64\jre\21.0.7-win32-x86_64\bin;C:\WINDOWS\SYSTEM32;C:\WINDOWS\WinSxS\amd64_microsoft.windows.common-controls_6595b64144ccf1df_6.0.22621.5124_none_270e8f4f7386d69d;C:\Program Files\Avecto\Privilege Guard Client;c:\Users\228173\.vscode\extensions\redhat.java-1.43.1-win32-x64\jre\21.0.7-win32-x86_64\bin\server;C:\Users\228173\AppData\Roaming\Code\User\globalStorage\redhat.java\1.43.1\config_win\org.eclipse.equinox.launcher\org.eclipse.equinox.launcher.win32.win32.x86_64_1.2.1300.v20250331-1702;C:\Users\228173\AppData\Local\Temp\jna-1479350741

VM Arguments:
jvm_args: --add-modules=ALL-SYSTEM --add-opens=java.base/java.util=ALL-UNNAMED --add-opens=java.base/java.lang=ALL-UNNAMED --add-opens=java.base/sun.nio.fs=ALL-UNNAMED -Declipse.application=org.eclipse.jdt.ls.core.id1 -Dosgi.bundles.defaultStartLevel=4 -Declipse.product=org.eclipse.jdt.ls.core.product -Djava.import.generatesMetadataFilesAtProjectRoot=false -DDetectVMInstallationsJob.disabled=true -Dfile.encoding=utf8 -XX:+UseParallelGC -XX:GCTimeRatio=4 -XX:AdaptiveSizePolicyWeight=90 -Dsun.zip.disableMemoryMapping=true -Xmx2G -Xms100m -Xlog:disable -javaagent:c:\Users\228173\.vscode\extensions\redhat.java-1.43.1-win32-x64\lombok\lombok-1.18.39-4050.jar -XX:+HeapDumpOnOutOfMemoryError -XX:HeapDumpPath=c:\Users\228173\AppData\Roaming\Code\User\workspaceStorage\2df54e82ccfad8c953f7bb579ed050a6\redhat.java -Daether.dependencyCollector.impl=bf 
java_command: c:\Users\228173\.vscode\extensions\redhat.java-1.43.1-win32-x64\server\plugins\org.eclipse.equinox.launcher_1.7.0.v20250519-0528.jar -configuration c:\Users\228173\AppData\Roaming\Code\User\globalStorage\redhat.java\1.43.1\config_win -data c:\Users\228173\AppData\Roaming\Code\User\workspaceStorage\2df54e82ccfad8c953f7bb579ed050a6\redhat.java\jdt_ws --pipe=\\.\pipe\lsp-c9f941a237c0761bb697bfeb1ae1cba5-sock
java_class_path (initial): c:\Users\228173\.vscode\extensions\redhat.java-1.43.1-win32-x64\server\plugins\org.eclipse.equinox.launcher_1.7.0.v20250519-0528.jar
Launcher Type: SUN_STANDARD

[Global flags]
    uintx AdaptiveSizePolicyWeight                 = 90                                        {product} {command line}
     intx CICompilerCount                          = 4                                         {product} {ergonomic}
    uintx GCTimeRatio                              = 4                                         {product} {command line}
     bool HeapDumpOnOutOfMemoryError               = true                                   {manageable} {command line}
    ccstr HeapDumpPath                             = c:\Users\228173\AppData\Roaming\Code\User\workspaceStorage\2df54e82ccfad8c953f7bb579ed050a6\redhat.java         {manageable} {command line}
   size_t InitialHeapSize                          = 104857600                                 {product} {command line}
   size_t MaxHeapSize                              = 2147483648                                {product} {command line}
   size_t MaxNewSize                               = 715653120                                 {product} {ergonomic}
   size_t MinHeapDeltaBytes                        = 524288                                    {product} {ergonomic}
   size_t MinHeapSize                              = 104857600                                 {product} {command line}
   size_t NewSize                                  = 34603008                                  {product} {ergonomic}
    uintx NonNMethodCodeHeapSize                   = 5839372                                {pd product} {ergonomic}
    uintx NonProfiledCodeHeapSize                  = 122909434                              {pd product} {ergonomic}
   size_t OldSize                                  = 70254592                                  {product} {ergonomic}
    uintx ProfiledCodeHeapSize                     = 122909434                              {pd product} {ergonomic}
    uintx ReservedCodeCacheSize                    = 251658240                              {pd product} {ergonomic}
     bool SegmentedCodeCache                       = true                                      {product} {ergonomic}
   size_t SoftMaxHeapSize                          = 2147483648                             {manageable} {ergonomic}
     bool UseCompressedOops                        = true                           {product lp64_product} {ergonomic}
     bool UseLargePagesIndividualAllocation        = false                                  {pd product} {ergonomic}
     bool UseParallelGC                            = true                                      {product} {command line}

Logging:
Log output configuration:
 #0: stdout all=off uptime,level,tags foldmultilines=false
 #1: stderr all=off uptime,level,tags foldmultilines=false

Environment Variables:
PATH=C:\Program Files\Common Files\Oracle\Java\javapath;C:\Program Files (x86)\Common Files\Oracle\Java\java8path;C:\Program Files (x86)\Common Files\Oracle\Java\javapath;C:\Program Files (x86)\NVIDIA Corporation\PhysX\Common;C:\WINDOWS\system32;C:\WINDOWS;C:\WINDOWS\System32\Wbem;C:\WINDOWS\System32\WindowsPowerShell\v1.0\;C:\WINDOWS\System32\OpenSSH\;C:\Program Files (x86)\Windows Kits\8.1\Windows Performance Toolkit\;C:\Program Files\dotnet\;C:\ProgramData\chocolatey\bin;C:\Users\228173\downloads\gradle-8.11.1-bin\gradle-8.11.1\bin;C:\Program Files\nodejs\;C:\Users\228173\AppData\Local\Microsoft\WindowsApps;C:\Users\228173\AppData\Local\Programs\Microsoft VS Code\bin;C:\Users\228173\AppData\Local\Programs\Git\cmd;C:\Users\228173\AppData\Roaming\npm;C:\Users\228173\apache-maven-3.9.9;C:\Program Files\MySQL\MySQL Server 9.2\bin;C:\Users\228173\AppData\Local\Packages\PythonSoftwareFoundation.Python.3.9_qbz5n2kfra8p0\LocalCache\local-packages\Python39\Scripts;C:\Users\228173\AppData\Local\Packages\PythonSoftwareFoundation.Python.3.9_qbz5n2kfra8p0\LocalCache\local-packages\Python39\Scripts;
USERNAME=228173
OS=Windows_NT
PROCESSOR_IDENTIFIER=Intel64 Family 6 Model 140 Stepping 1, GenuineIntel
TMP=C:\Users\228173\AppData\Local\Temp
TEMP=C:\Users\228173\AppData\Local\Temp




Periodic native trim disabled

---------------  S Y S T E M  ---------------

OS:
 Windows 11 , 64 bit Build 22621 (10.0.22621.5124)
OS uptime: 0 days 3:38 hours
Hyper-V role detected

CPU: total 8 (initial active 8) (4 cores per cpu, 2 threads per core) family 6 model 140 stepping 1 microcode 0xb4, cx8, cmov, fxsr, ht, mmx, 3dnowpref, sse, sse2, sse3, ssse3, sse4.1, sse4.2, popcnt, lzcnt, tsc, tscinvbit, avx, avx2, aes, erms, clmul, bmi1, bmi2, adx, avx512f, avx512dq, avx512cd, avx512bw, avx512vl, sha, fma, vzeroupper, avx512_vpopcntdq, avx512_vpclmulqdq, avx512_vaes, avx512_vnni, clflush, clflushopt, clwb, avx512_vbmi2, avx512_vbmi, hv, rdtscp, rdpid, fsrm, gfni, avx512_bitalg, f16c, cet_ibt, cet_ss, avx512_ifma
Processor Information for the first 8 processors :
  Max Mhz: 1805, Current Mhz: 1805, Mhz Limit: 1805

Memory: 4k page, system-wide physical 15761M (436M free)
TotalPageFile size 22751M (AvailPageFile size 12M)
current process WorkingSet (physical memory assigned to process): 658M, peak: 1694M
current process commit charge ("private bytes"): 633M, peak: 1688M

vm_info: OpenJDK 64-Bit Server VM (21.0.7+6-LTS) for windows-amd64 JRE (21.0.7+6-LTS), built on 2025-04-15T00:00:00Z by "admin" with MS VC++ 17.7 (VS2022)

END.
