#
# There is insufficient memory for the Java Runtime Environment to continue.
# Native memory allocation (malloc) failed to allocate 1048576 bytes. Error detail: AllocateHeap
# Possible reasons:
#   The system is out of physical RAM or swap space
#   This process is running with CompressedOops enabled, and the Java Heap may be blocking the growth of the native heap
# Possible solutions:
#   Reduce memory load on the system
#   Increase physical memory or swap space
#   Check if swap backing store is full
#   Decrease Java heap size (-Xmx/-Xms)
#   Decrease number of Java threads
#   Decrease Java thread stack sizes (-Xss)
#   Set larger code cache with -XX:ReservedCodeCacheSize=
#   JVM is running with Unscaled Compressed Oops mode in which the Java heap is
#     placed in the first 4GB address space. The Java Heap base address is the
#     maximum limit for the native heap growth. Please use -XX:HeapBaseMinAddress
#     to set the Java Heap base and to place the Java Heap above 4GB virtual address.
# This output file may be truncated or incomplete.
#
#  Out of Memory Error (allocation.cpp:44), pid=30892, tid=2140
#
# JRE version:  (21.0.7+6) (build )
# Java VM: OpenJDK 64-Bit Server VM (21.0.7+6-LTS, mixed mode, tiered, compressed oops, compressed class ptrs, parallel gc, windows-amd64)
# No core dump will be written. Minidumps are not enabled by default on client versions of Windows
#

---------------  S U M M A R Y ------------

Command Line: --add-modules=ALL-SYSTEM --add-opens=java.base/java.util=ALL-UNNAMED --add-opens=java.base/java.lang=ALL-UNNAMED --add-opens=java.base/sun.nio.fs=ALL-UNNAMED -Declipse.application=org.eclipse.jdt.ls.core.id1 -Dosgi.bundles.defaultStartLevel=4 -Declipse.product=org.eclipse.jdt.ls.core.product -Djava.import.generatesMetadataFilesAtProjectRoot=false -DDetectVMInstallationsJob.disabled=true -Dfile.encoding=utf8 -XX:+UseParallelGC -XX:GCTimeRatio=4 -XX:AdaptiveSizePolicyWeight=90 -Dsun.zip.disableMemoryMapping=true -Xmx2G -Xms100m -Xlog:disable -javaagent:c:\Users\228173\.vscode\extensions\redhat.java-1.43.0-win32-x64\lombok\lombok-1.18.39-4050.jar c:\Users\228173\.vscode\extensions\redhat.java-1.43.0-win32-x64\server\plugins\org.eclipse.equinox.launcher_1.7.0.v20250519-0528.jar -configuration c:\Users\228173\AppData\Roaming\Code\User\globalStorage\redhat.java\1.43.0\config_ss_win -data c:\Users\228173\AppData\Roaming\Code\User\workspaceStorage\3d39184c2aff2fd125f9d1b73e26c649\redhat.java\ss_ws --pipe=\\.\pipe\lsp-80d1c05ac136161e479caa147d37d032-sock

Host: 11th Gen Intel(R) Core(TM) i7-1185G7 @ 3.00GHz, 8 cores, 15G,  Windows 11 , 64 bit Build 22621 (10.0.22621.5124)
Time: Mon Jun 30 11:27:27 2025 Central Standard Time (Mexico) elapsed time: 0.168815 seconds (0d 0h 0m 0s)

---------------  T H R E A D  ---------------

Current thread (0x0000020a8fe26020):  JavaThread "Unknown thread" [_thread_in_vm, id=2140, stack(0x000000460cc00000,0x000000460cd00000) (1024K)]

Stack: [0x000000460cc00000,0x000000460cd00000]
Native frames: (J=compiled Java code, j=interpreted, Vv=VM code, C=native code)
V  [jvm.dll+0x6ce119]
V  [jvm.dll+0x8a84a1]
V  [jvm.dll+0x8aa9ce]
V  [jvm.dll+0x8ab0b3]
V  [jvm.dll+0x27f8a6]
V  [jvm.dll+0xbfba7]
V  [jvm.dll+0x70b72d]
V  [jvm.dll+0x70bdec]
V  [jvm.dll+0x6dcc68]
V  [jvm.dll+0x871dbc]
V  [jvm.dll+0x3bc47c]
V  [jvm.dll+0x85a848]
V  [jvm.dll+0x45080e]
V  [jvm.dll+0x452451]
C  [jli.dll+0x5278]
C  [ucrtbase.dll+0x29333]
C  [KERNEL32.DLL+0x1259d]
C  [ntdll.dll+0x5af38]


---------------  P R O C E S S  ---------------

Threads class SMR info:
_java_thread_list=0x0000020a925fa130, length=1, elements={
0x0000020a8fe26020
}

Java Threads: ( => current thread )
=>0x0000020a8fe26020 JavaThread "Unknown thread"             [_thread_in_vm, id=2140, stack(0x000000460cc00000,0x000000460cd00000) (1024K)]
Total: 1

Other Threads:
  0x0000020a925fc950 WatcherThread "VM Periodic Task Thread"        [id=11816, stack(0x000000460ce00000,0x000000460cf00000) (1024K)]
  0x0000020a927c5980 WorkerThread "GC Thread#0"                     [id=328, stack(0x000000460cd00000,0x000000460ce00000) (1024K)]
Total: 2

Threads with active compile tasks:
Total: 0

VM state: not at safepoint (normal execution)

VM Mutex/Monitor currently owned by a thread: None

Heap address: 0x0000000080000000, size: 2048 MB, Compressed Oops mode: 32-bit

CDS archive(s) not mapped
Compressed class space mapped at: 0x0000000100000000-0x0000000140000000, reserved size: 1073741824
Narrow klass base: 0x0000000000000000, Narrow klass shift: 3, Narrow klass range: 0x140000000

GC Precious Log:
 CardTable entry size: 512
 CPUs: 8 total, 8 available
 Memory: 15761M
 Large Page Support: Disabled
 NUMA Support: Disabled
 Compressed Oops: Enabled (32-bit)
 Alignments: Space 512K, Generation 512K, Heap 2M
 Heap Min Capacity: 100M
 Heap Initial Capacity: 100M
 Heap Max Capacity: 2G
 Pre-touch: Disabled
 Parallel Workers: 8

Heap:
 PSYoungGen      total 29696K, used 512K [0x00000000d5580000, 0x00000000d7680000, 0x0000000100000000)
  eden space 25600K, 2% used [0x00000000d5580000,0x00000000d5600070,0x00000000d6e80000)
  from space 4096K, 0% used [0x00000000d7280000,0x00000000d7280000,0x00000000d7680000)
  to   space 4096K, 0% used [0x00000000d6e80000,0x00000000d6e80000,0x00000000d7280000)
 ParOldGen       total 68608K, used 0K [0x0000000080000000, 0x0000000084300000, 0x00000000d5580000)
  object space 68608K, 0% used [0x0000000080000000,0x0000000080000000,0x0000000084300000)
 Metaspace       used 1392K, committed 1472K, reserved 1114112K
  class space    used 109K, committed 128K, reserved 1048576K

Card table byte_map: [0x0000020a92110000,0x0000020a92520000] _byte_map_base: 0x0000020a91d10000

Marking Bits: (ParMarkBitMap*) 0x00007fff46ac31f0
 Begin Bits: [0x0000020aa4c10000, 0x0000020aa6c10000)
 End Bits:   [0x0000020aa6c10000, 0x0000020aa8c10000)

Polling page: 0x0000020a918d0000

Metaspace:

Usage:
  Non-class:      1.25 MB used.
      Class:    109.62 KB used.
       Both:      1.36 MB used.

Virtual space:
  Non-class space:       64.00 MB reserved,       1.31 MB (  2%) committed,  1 nodes.
      Class space:        1.00 GB reserved,     128.00 KB ( <1%) committed,  1 nodes.
             Both:        1.06 GB reserved,       1.44 MB ( <1%) committed. 

Chunk freelists:
   Non-Class:  12.00 MB
       Class:  15.75 MB
        Both:  27.75 MB

MaxMetaspaceSize: unlimited
CompressedClassSpaceSize: 1.00 GB
Initial GC threshold: 21.00 MB
Current GC threshold: 17179869184.00 GB
CDS: off
 - commit_granule_bytes: 65536.
 - commit_granule_words: 8192.
 - virtual_space_node_default_size: 8388608.
 - enlarge_chunks_in_place: 1.
 - use_allocation_guard: 0.


Internal statistics:

num_allocs_failed_limit: 0.
num_arena_births: 2.
num_arena_deaths: 0.
num_vsnodes_births: 2.
num_vsnodes_deaths: 0.
num_space_committed: 23.
num_space_uncommitted: 0.
num_chunks_returned_to_freelist: 0.
num_chunks_taken_from_freelist: 3.
num_chunk_merges: 0.
num_chunk_splits: 2.
num_chunks_enlarged: 0.
num_inconsistent_stats: 0.

CodeHeap 'non-profiled nmethods': size=120000Kb used=0Kb max_used=0Kb free=120000Kb
 bounds [0x0000020a9d430000, 0x0000020a9d6a0000, 0x0000020aa4960000]
CodeHeap 'profiled nmethods': size=120000Kb used=0Kb max_used=0Kb free=120000Kb
 bounds [0x0000020a95960000, 0x0000020a95bd0000, 0x0000020a9ce90000]
CodeHeap 'non-nmethods': size=5760Kb used=199Kb max_used=348Kb free=5560Kb
 bounds [0x0000020a9ce90000, 0x0000020a9d100000, 0x0000020a9d430000]
 total_blobs=70 nmethods=0 adapters=48
 compilation: enabled
              stopped_count=0, restarted_count=0
 full_count=0

Compilation events (0 events):
No events

GC Heap History (0 events):
No events

Dll operation events (2 events):
Event: 0.062 Loaded shared library c:\Users\228173\.vscode\extensions\redhat.java-1.43.0-win32-x64\jre\21.0.7-win32-x86_64\bin\java.dll
Event: 0.091 Loaded shared library c:\Users\228173\.vscode\extensions\redhat.java-1.43.0-win32-x64\jre\21.0.7-win32-x86_64\bin\zip.dll

Deoptimization events (0 events):
No events

Classes loaded (20 events):
Event: 0.157 Loading class java/util/Iterator
Event: 0.158 Loading class java/util/Iterator done
Event: 0.158 Loading class java/lang/reflect/RecordComponent
Event: 0.158 Loading class java/lang/reflect/RecordComponent done
Event: 0.158 Loading class jdk/internal/vm/vector/VectorSupport
Event: 0.159 Loading class jdk/internal/vm/vector/VectorSupport done
Event: 0.159 Loading class jdk/internal/vm/vector/VectorSupport$VectorPayload
Event: 0.159 Loading class jdk/internal/vm/vector/VectorSupport$VectorPayload done
Event: 0.159 Loading class jdk/internal/vm/vector/VectorSupport$Vector
Event: 0.159 Loading class jdk/internal/vm/vector/VectorSupport$Vector done
Event: 0.159 Loading class jdk/internal/vm/vector/VectorSupport$VectorMask
Event: 0.159 Loading class jdk/internal/vm/vector/VectorSupport$VectorMask done
Event: 0.159 Loading class jdk/internal/vm/vector/VectorSupport$VectorShuffle
Event: 0.159 Loading class jdk/internal/vm/vector/VectorSupport$VectorShuffle done
Event: 0.159 Loading class jdk/internal/vm/FillerObject
Event: 0.159 Loading class jdk/internal/vm/FillerObject done
Event: 0.163 Loading class java/lang/NullPointerException
Event: 0.163 Loading class java/lang/NullPointerException done
Event: 0.163 Loading class java/lang/ArithmeticException
Event: 0.163 Loading class java/lang/ArithmeticException done

Classes unloaded (0 events):
No events

Classes redefined (0 events):
No events

Internal exceptions (0 events):
No events

ZGC Phase Switch (0 events):
No events

VM Operations (0 events):
No events

Memory protections (0 events):
No events

Nmethod flushes (0 events):
No events

Events (1 events):
Event: 0.085 Thread 0x0000020a8fe26020 Thread added: 0x0000020a8fe26020


Dynamic libraries:
0x00007ff7995c0000 - 0x00007ff7995ce000 	c:\Users\228173\.vscode\extensions\redhat.java-1.43.0-win32-x64\jre\21.0.7-win32-x86_64\bin\java.exe
0x00007fffee430000 - 0x00007fffee647000 	C:\WINDOWS\SYSTEM32\ntdll.dll
0x00007fffec970000 - 0x00007fffeca34000 	C:\WINDOWS\System32\KERNEL32.DLL
0x00007fffebb00000 - 0x00007fffebed3000 	C:\WINDOWS\System32\KERNELBASE.dll
0x00007fffeb8c0000 - 0x00007fffeb9d1000 	C:\WINDOWS\System32\ucrtbase.dll
0x00007fffe3ab0000 - 0x00007fffe3ac8000 	c:\Users\228173\.vscode\extensions\redhat.java-1.43.0-win32-x64\jre\21.0.7-win32-x86_64\bin\jli.dll
0x00007fffed800000 - 0x00007fffed9b1000 	C:\WINDOWS\System32\USER32.dll
0x00007fffebf60000 - 0x00007fffebf86000 	C:\WINDOWS\System32\win32u.dll
0x00007fffed030000 - 0x00007fffed059000 	C:\WINDOWS\System32\GDI32.dll
0x00007fffeb9e0000 - 0x00007fffebafb000 	C:\WINDOWS\System32\gdi32full.dll
0x00007fffeb6b0000 - 0x00007fffeb74a000 	C:\WINDOWS\System32\msvcp_win.dll
0x00007fffd31d0000 - 0x00007fffd3468000 	C:\WINDOWS\WinSxS\amd64_microsoft.windows.common-controls_6595b64144ccf1df_6.0.22621.5124_none_270e8f4f7386d69d\COMCTL32.dll
0x00007fffed500000 - 0x00007fffed5a7000 	C:\WINDOWS\System32\msvcrt.dll
0x00007fffe1a90000 - 0x00007fffe1aae000 	c:\Users\228173\.vscode\extensions\redhat.java-1.43.0-win32-x64\jre\21.0.7-win32-x86_64\bin\VCRUNTIME140.dll
0x00007fffed4c0000 - 0x00007fffed4f1000 	C:\WINDOWS\System32\IMM32.DLL
0x0000020a8ff90000 - 0x0000020a8ffa6000 	C:\WINDOWS\System32\umppc19809.dll
0x0000020a8ffd0000 - 0x0000020a8ffe3000 	C:\WINDOWS\System32\CsXumd64_19809.dll
0x00007fffe9b90000 - 0x00007fffe9cd1000 	C:\Program Files\Avecto\Privilege Guard Client\PGHook.dll
0x0000000068000000 - 0x000000006806e000 	C:\WINDOWS\System32\QIPCAP64.dll
0x00007fffed740000 - 0x00007fffed7f1000 	C:\WINDOWS\System32\ADVAPI32.dll
0x00007fffecb70000 - 0x00007fffecc18000 	C:\WINDOWS\System32\sechost.dll
0x00007fffeb5c0000 - 0x00007fffeb5e8000 	C:\WINDOWS\System32\bcrypt.dll
0x00007fffed3a0000 - 0x00007fffed4b4000 	C:\WINDOWS\System32\RPCRT4.dll
0x00007fffec0d0000 - 0x00007fffec966000 	C:\WINDOWS\System32\SHELL32.dll
0x00007fffebf90000 - 0x00007fffec0cf000 	C:\WINDOWS\System32\wintypes.dll
0x00007fffecc90000 - 0x00007fffed022000 	C:\WINDOWS\System32\combase.dll
0x00007fffe9d10000 - 0x00007fffe9e12000 	C:\WINDOWS\SYSTEM32\DNSAPI.dll
0x00007fffe9ce0000 - 0x00007fffe9d0d000 	C:\WINDOWS\SYSTEM32\IPHLPAPI.DLL
0x00007fffed380000 - 0x00007fffed389000 	C:\WINDOWS\System32\NSI.dll
0x00007fffe4100000 - 0x00007fffe410c000 	c:\Users\228173\.vscode\extensions\redhat.java-1.43.0-win32-x64\jre\21.0.7-win32-x86_64\bin\vcruntime140_1.dll
0x00007fffa8c00000 - 0x00007fffa8c8d000 	c:\Users\228173\.vscode\extensions\redhat.java-1.43.0-win32-x64\jre\21.0.7-win32-x86_64\bin\msvcp140.dll
0x00007fff45e10000 - 0x00007fff46ba0000 	c:\Users\228173\.vscode\extensions\redhat.java-1.43.0-win32-x64\jre\21.0.7-win32-x86_64\bin\server\jvm.dll
0x00007fffed5b0000 - 0x00007fffed621000 	C:\WINDOWS\System32\WS2_32.dll
0x00007fffea2a0000 - 0x00007fffea2ed000 	C:\WINDOWS\SYSTEM32\POWRPROF.dll
0x00007fffd2a00000 - 0x00007fffd2a34000 	C:\WINDOWS\SYSTEM32\WINMM.dll
0x00007fffdd980000 - 0x00007fffdd98a000 	C:\WINDOWS\SYSTEM32\VERSION.dll
0x00007fffea280000 - 0x00007fffea293000 	C:\WINDOWS\SYSTEM32\UMPDC.dll
0x00007fffea540000 - 0x00007fffea558000 	C:\WINDOWS\SYSTEM32\kernel.appcore.dll
0x00007fffe4050000 - 0x00007fffe405a000 	c:\Users\228173\.vscode\extensions\redhat.java-1.43.0-win32-x64\jre\21.0.7-win32-x86_64\bin\jimage.dll
0x00007fffe8940000 - 0x00007fffe8b72000 	C:\WINDOWS\SYSTEM32\DBGHELP.DLL
0x0000020a91e50000 - 0x0000020a91f27000 	C:\WINDOWS\System32\OLEAUT32.dll
0x00007fffce540000 - 0x00007fffce572000 	C:\WINDOWS\SYSTEM32\dbgcore.DLL
0x00007fffebee0000 - 0x00007fffebf5b000 	C:\WINDOWS\System32\bcryptPrimitives.dll
0x00007fffe4040000 - 0x00007fffe404f000 	c:\Users\228173\.vscode\extensions\redhat.java-1.43.0-win32-x64\jre\21.0.7-win32-x86_64\bin\instrument.dll
0x00007fffe3af0000 - 0x00007fffe3b0f000 	c:\Users\228173\.vscode\extensions\redhat.java-1.43.0-win32-x64\jre\21.0.7-win32-x86_64\bin\java.dll
0x00007fffe3ad0000 - 0x00007fffe3ae8000 	c:\Users\228173\.vscode\extensions\redhat.java-1.43.0-win32-x64\jre\21.0.7-win32-x86_64\bin\zip.dll

dbghelp: loaded successfully - version: 4.0.5 - missing functions: none
symbol engine: initialized successfully - sym options: 0x614 - pdb path: .;c:\Users\228173\.vscode\extensions\redhat.java-1.43.0-win32-x64\jre\21.0.7-win32-x86_64\bin;C:\WINDOWS\SYSTEM32;C:\WINDOWS\WinSxS\amd64_microsoft.windows.common-controls_6595b64144ccf1df_6.0.22621.5124_none_270e8f4f7386d69d;C:\Program Files\Avecto\Privilege Guard Client;c:\Users\228173\.vscode\extensions\redhat.java-1.43.0-win32-x64\jre\21.0.7-win32-x86_64\bin\server

VM Arguments:
jvm_args: --add-modules=ALL-SYSTEM --add-opens=java.base/java.util=ALL-UNNAMED --add-opens=java.base/java.lang=ALL-UNNAMED --add-opens=java.base/sun.nio.fs=ALL-UNNAMED -Declipse.application=org.eclipse.jdt.ls.core.id1 -Dosgi.bundles.defaultStartLevel=4 -Declipse.product=org.eclipse.jdt.ls.core.product -Djava.import.generatesMetadataFilesAtProjectRoot=false -DDetectVMInstallationsJob.disabled=true -Dfile.encoding=utf8 -XX:+UseParallelGC -XX:GCTimeRatio=4 -XX:AdaptiveSizePolicyWeight=90 -Dsun.zip.disableMemoryMapping=true -Xmx2G -Xms100m -Xlog:disable -javaagent:c:\Users\228173\.vscode\extensions\redhat.java-1.43.0-win32-x64\lombok\lombok-1.18.39-4050.jar 
java_command: c:\Users\228173\.vscode\extensions\redhat.java-1.43.0-win32-x64\server\plugins\org.eclipse.equinox.launcher_1.7.0.v20250519-0528.jar -configuration c:\Users\228173\AppData\Roaming\Code\User\globalStorage\redhat.java\1.43.0\config_ss_win -data c:\Users\228173\AppData\Roaming\Code\User\workspaceStorage\3d39184c2aff2fd125f9d1b73e26c649\redhat.java\ss_ws --pipe=\\.\pipe\lsp-80d1c05ac136161e479caa147d37d032-sock
java_class_path (initial): c:\Users\228173\.vscode\extensions\redhat.java-1.43.0-win32-x64\server\plugins\org.eclipse.equinox.launcher_1.7.0.v20250519-0528.jar
Launcher Type: SUN_STANDARD

[Global flags]
    uintx AdaptiveSizePolicyWeight                 = 90                                        {product} {command line}
     intx CICompilerCount                          = 4                                         {product} {ergonomic}
    uintx GCTimeRatio                              = 4                                         {product} {command line}
   size_t InitialHeapSize                          = 104857600                                 {product} {command line}
   size_t MaxHeapSize                              = 2147483648                                {product} {command line}
   size_t MaxNewSize                               = 715653120                                 {product} {ergonomic}
   size_t MinHeapDeltaBytes                        = 524288                                    {product} {ergonomic}
   size_t MinHeapSize                              = 104857600                                 {product} {command line}
   size_t NewSize                                  = 34603008                                  {product} {ergonomic}
    uintx NonNMethodCodeHeapSize                   = 5839372                                {pd product} {ergonomic}
    uintx NonProfiledCodeHeapSize                  = 122909434                              {pd product} {ergonomic}
   size_t OldSize                                  = 70254592                                  {product} {ergonomic}
    uintx ProfiledCodeHeapSize                     = 122909434                              {pd product} {ergonomic}
    uintx ReservedCodeCacheSize                    = 251658240                              {pd product} {ergonomic}
     bool SegmentedCodeCache                       = true                                      {product} {ergonomic}
   size_t SoftMaxHeapSize                          = 2147483648                             {manageable} {ergonomic}
     bool UseCompressedOops                        = true                           {product lp64_product} {ergonomic}
     bool UseLargePagesIndividualAllocation        = false                                  {pd product} {ergonomic}
     bool UseParallelGC                            = true                                      {product} {command line}

Logging:
Log output configuration:
 #0: stdout all=off uptime,level,tags foldmultilines=false
 #1: stderr all=off uptime,level,tags foldmultilines=false

Environment Variables:
PATH=C:\Program Files\Common Files\Oracle\Java\javapath;C:\Program Files (x86)\Common Files\Oracle\Java\java8path;C:\Program Files (x86)\Common Files\Oracle\Java\javapath;C:\Program Files (x86)\NVIDIA Corporation\PhysX\Common;C:\WINDOWS\system32;C:\WINDOWS;C:\WINDOWS\System32\Wbem;C:\WINDOWS\System32\WindowsPowerShell\v1.0\;C:\WINDOWS\System32\OpenSSH\;C:\Program Files (x86)\Windows Kits\8.1\Windows Performance Toolkit\;C:\Program Files\dotnet\;C:\ProgramData\chocolatey\bin;C:\Users\228173\downloads\gradle-8.11.1-bin\gradle-8.11.1\bin;C:\Program Files\nodejs\;C:\Users\228173\AppData\Local\Microsoft\WindowsApps;C:\Users\228173\AppData\Local\Programs\Microsoft VS Code\bin;C:\Users\228173\AppData\Local\Programs\Git\cmd;C:\Users\228173\AppData\Roaming\npm;C:\Users\228173\apache-maven-3.9.9;C:\Program Files\MySQL\MySQL Server 9.2\bin;C:\Users\228173\AppData\Local\Packages\PythonSoftwareFoundation.Python.3.9_qbz5n2kfra8p0\LocalCache\local-packages\Python39\Scripts;C:\Users\228173\AppData\Local\Packages\PythonSoftwareFoundation.Python.3.9_qbz5n2kfra8p0\LocalCache\local-packages\Python39\Scripts;
USERNAME=228173
OS=Windows_NT
PROCESSOR_IDENTIFIER=Intel64 Family 6 Model 140 Stepping 1, GenuineIntel
TMP=C:\Users\228173\AppData\Local\Temp
TEMP=C:\Users\228173\AppData\Local\Temp




Periodic native trim disabled

---------------  S Y S T E M  ---------------

OS:
 Windows 11 , 64 bit Build 22621 (10.0.22621.5124)
OS uptime: 0 days 4:50 hours
Hyper-V role detected

CPU: total 8 (initial active 8) (4 cores per cpu, 2 threads per core) family 6 model 140 stepping 1 microcode 0xb4, cx8, cmov, fxsr, ht, mmx, 3dnowpref, sse, sse2, sse3, ssse3, sse4.1, sse4.2, popcnt, lzcnt, tsc, tscinvbit, avx, avx2, aes, erms, clmul, bmi1, bmi2, adx, avx512f, avx512dq, avx512cd, avx512bw, avx512vl, sha, fma, vzeroupper, avx512_vpopcntdq, avx512_vpclmulqdq, avx512_vaes, avx512_vnni, clflush, clflushopt, clwb, avx512_vbmi2, avx512_vbmi, hv, rdtscp, rdpid, fsrm, gfni, avx512_bitalg, f16c, cet_ibt, cet_ss, avx512_ifma
Processor Information for the first 8 processors :
  Max Mhz: 1805, Current Mhz: 1805, Mhz Limit: 1805

Memory: 4k page, system-wide physical 15761M (585M free)
TotalPageFile size 24860M (AvailPageFile size 5M)
current process WorkingSet (physical memory assigned to process): 20M, peak: 20M
current process commit charge ("private bytes"): 201M, peak: 202M

vm_info: OpenJDK 64-Bit Server VM (21.0.7+6-LTS) for windows-amd64 JRE (21.0.7+6-LTS), built on 2025-04-15T00:00:00Z by "admin" with MS VC++ 17.7 (VS2022)

END.
